{"/home/zerocool/kanban/src/App.tsx": {"path":"/home/zerocool/kanban/src/App.tsx","statementMap":{"0":{"start":{"line":14,"column":71},"end":{"line":14,"column":null}},"1":{"start":{"line":15,"column":39},"end":{"line":15,"column":null}},"2":{"start":{"line":16,"column":41},"end":{"line":16,"column":null}},"3":{"start":{"line":18,"column":2},"end":{"line":20,"column":null}},"4":{"start":{"line":19,"column":4},"end":{"line":19,"column":null}},"5":{"start":{"line":23,"column":2},"end":{"line":34,"column":null}},"6":{"start":{"line":24,"column":4},"end":{"line":33,"column":null}},"7":{"start":{"line":25,"column":27},"end":{"line":29,"column":null}},"8":{"start":{"line":26,"column":8},"end":{"line":26,"column":null}},"9":{"start":{"line":26,"column":29},"end":{"line":26,"column":null}},"10":{"start":{"line":27,"column":8},"end":{"line":27,"column":null}},"11":{"start":{"line":27,"column":29},"end":{"line":27,"column":null}},"12":{"start":{"line":28,"column":8},"end":{"line":28,"column":null}},"13":{"start":{"line":30,"column":6},"end":{"line":32,"column":null}},"14":{"start":{"line":31,"column":8},"end":{"line":31,"column":null}},"15":{"start":{"line":36,"column":21},"end":{"line":43,"column":null}},"16":{"start":{"line":37,"column":4},"end":{"line":42,"column":null}},"17":{"start":{"line":38,"column":21},"end":{"line":38,"column":null}},"18":{"start":{"line":39,"column":6},"end":{"line":41,"column":null}},"19":{"start":{"line":40,"column":8},"end":{"line":40,"column":null}},"20":{"start":{"line":45,"column":21},"end":{"line":52,"column":null}},"21":{"start":{"line":46,"column":4},"end":{"line":51,"column":null}},"22":{"start":{"line":47,"column":21},"end":{"line":47,"column":null}},"23":{"start":{"line":48,"column":6},"end":{"line":50,"column":null}},"24":{"start":{"line":49,"column":8},"end":{"line":49,"column":null}},"25":{"start":{"line":54,"column":2},"end":{"line":57,"column":null}},"26":{"start":{"line":59,"column":2},"end":{"line":79,"column":null}}},"fnMap":{"0":{"name":"App","decl":{"start":{"line":13,"column":9},"end":{"line":13,"column":15}},"loc":{"start":{"line":13,"column":15},"end":{"line":81,"column":null}},"line":13},"1":{"name":"(anonymous_1)","decl":{"start":{"line":18,"column":12},"end":{"line":18,"column":18}},"loc":{"start":{"line":18,"column":18},"end":{"line":20,"column":5}},"line":18},"2":{"name":"(anonymous_2)","decl":{"start":{"line":23,"column":12},"end":{"line":23,"column":18}},"loc":{"start":{"line":23,"column":18},"end":{"line":34,"column":5}},"line":23},"3":{"name":"(anonymous_3)","decl":{"start":{"line":25,"column":54},"end":{"line":25,"column":55}},"loc":{"start":{"line":25,"column":64},"end":{"line":29,"column":7}},"line":25},"4":{"name":"(anonymous_4)","decl":{"start":{"line":36,"column":21},"end":{"line":36,"column":27}},"loc":{"start":{"line":36,"column":27},"end":{"line":43,"column":null}},"line":36},"5":{"name":"(anonymous_5)","decl":{"start":{"line":45,"column":21},"end":{"line":45,"column":27}},"loc":{"start":{"line":45,"column":27},"end":{"line":52,"column":null}},"line":45}},"branchMap":{"0":{"loc":{"start":{"line":24,"column":4},"end":{"line":33,"column":null}},"type":"if","locations":[{"start":{"line":24,"column":4},"end":{"line":33,"column":null}},{"start":{},"end":{}}],"line":24},"1":{"loc":{"start":{"line":24,"column":8},"end":{"line":24,"column":58}},"type":"binary-expr","locations":[{"start":{"line":24,"column":8},"end":{"line":24,"column":26}},{"start":{"line":24,"column":26},"end":{"line":24,"column":58}}],"line":24},"2":{"loc":{"start":{"line":26,"column":8},"end":{"line":26,"column":null}},"type":"if","locations":[{"start":{"line":26,"column":8},"end":{"line":26,"column":null}},{"start":{},"end":{}}],"line":26},"3":{"loc":{"start":{"line":27,"column":8},"end":{"line":27,"column":null}},"type":"if","locations":[{"start":{"line":27,"column":8},"end":{"line":27,"column":null}},{"start":{},"end":{}}],"line":27},"4":{"loc":{"start":{"line":30,"column":6},"end":{"line":32,"column":null}},"type":"if","locations":[{"start":{"line":30,"column":6},"end":{"line":32,"column":null}},{"start":{},"end":{}}],"line":30},"5":{"loc":{"start":{"line":37,"column":4},"end":{"line":42,"column":null}},"type":"if","locations":[{"start":{"line":37,"column":4},"end":{"line":42,"column":null}},{"start":{},"end":{}}],"line":37},"6":{"loc":{"start":{"line":39,"column":6},"end":{"line":41,"column":null}},"type":"if","locations":[{"start":{"line":39,"column":6},"end":{"line":41,"column":null}},{"start":{},"end":{}}],"line":39},"7":{"loc":{"start":{"line":46,"column":4},"end":{"line":51,"column":null}},"type":"if","locations":[{"start":{"line":46,"column":4},"end":{"line":51,"column":null}},{"start":{},"end":{}}],"line":46},"8":{"loc":{"start":{"line":48,"column":6},"end":{"line":50,"column":null}},"type":"if","locations":[{"start":{"line":48,"column":6},"end":{"line":50,"column":null}},{"start":{},"end":{}}],"line":48},"9":{"loc":{"start":{"line":66,"column":13},"end":{"line":73,"column":null}},"type":"cond-expr","locations":[{"start":{"line":67,"column":14},"end":{"line":67,"column":null}},{"start":{"line":68,"column":16},"end":{"line":73,"column":null}}],"line":66},"10":{"loc":{"start":{"line":68,"column":16},"end":{"line":73,"column":null}},"type":"cond-expr","locations":[{"start":{"line":69,"column":14},"end":{"line":69,"column":null}},{"start":{"line":71,"column":14},"end":{"line":73,"column":null}}],"line":68}},"s":{"0":0,"1":0,"2":0,"3":0,"4":0,"5":0,"6":0,"7":0,"8":0,"9":0,"10":0,"11":0,"12":0,"13":0,"14":0,"15":0,"16":0,"17":0,"18":0,"19":0,"20":0,"21":0,"22":0,"23":0,"24":0,"25":0,"26":0},"f":{"0":0,"1":0,"2":0,"3":0,"4":0,"5":0},"b":{"0":[0,0],"1":[0,0],"2":[0,0],"3":[0,0],"4":[0,0],"5":[0,0],"6":[0,0],"7":[0,0],"8":[0,0],"9":[0,0],"10":[0,0]},"meta":{"lastBranch":11,"lastFunction":6,"lastStatement":27,"seen":{"f:13:9:13:15":0,"s:14:71:14:Infinity":0,"s:15:39:15:Infinity":1,"s:16:41:16:Infinity":2,"s:18:2:20:Infinity":3,"f:18:12:18:18":1,"s:19:4:19:Infinity":4,"s:23:2:34:Infinity":5,"f:23:12:23:18":2,"b:24:4:33:Infinity:undefined:undefined:undefined:undefined":0,"s:24:4:33:Infinity":6,"b:24:8:24:26:24:26:24:58":1,"s:25:27:29:Infinity":7,"f:25:54:25:55":3,"b:26:8:26:Infinity:undefined:undefined:undefined:undefined":2,"s:26:8:26:Infinity":8,"s:26:29:26:Infinity":9,"b:27:8:27:Infinity:undefined:undefined:undefined:undefined":3,"s:27:8:27:Infinity":10,"s:27:29:27:Infinity":11,"s:28:8:28:Infinity":12,"b:30:6:32:Infinity:undefined:undefined:undefined:undefined":4,"s:30:6:32:Infinity":13,"s:31:8:31:Infinity":14,"s:36:21:43:Infinity":15,"f:36:21:36:27":4,"b:37:4:42:Infinity:undefined:undefined:undefined:undefined":5,"s:37:4:42:Infinity":16,"s:38:21:38:Infinity":17,"b:39:6:41:Infinity:undefined:undefined:undefined:undefined":6,"s:39:6:41:Infinity":18,"s:40:8:40:Infinity":19,"s:45:21:52:Infinity":20,"f:45:21:45:27":5,"b:46:4:51:Infinity:undefined:undefined:undefined:undefined":7,"s:46:4:51:Infinity":21,"s:47:21:47:Infinity":22,"b:48:6:50:Infinity:undefined:undefined:undefined:undefined":8,"s:48:6:50:Infinity":23,"s:49:8:49:Infinity":24,"s:54:2:57:Infinity":25,"s:59:2:79:Infinity":26,"b:67:14:67:Infinity:68:16:73:Infinity":9,"b:69:14:69:Infinity:71:14:73:Infinity":10}}}
,"/home/zerocool/kanban/src/components/BoardView.tsx": {"path":"/home/zerocool/kanban/src/components/BoardView.tsx","statementMap":{"0":{"start":{"line":25,"column":76},"end":{"line":25,"column":null}},"1":{"start":{"line":26,"column":38},"end":{"line":26,"column":null}},"2":{"start":{"line":27,"column":42},"end":{"line":27,"column":null}},"3":{"start":{"line":28,"column":40},"end":{"line":28,"column":null}},"4":{"start":{"line":29,"column":34},"end":{"line":29,"column":null}},"5":{"start":{"line":30,"column":38},"end":{"line":30,"column":null}},"6":{"start":{"line":32,"column":22},"end":{"line":32,"column":null}},"7":{"start":{"line":33,"column":8},"end":{"line":33,"column":null}},"8":{"start":{"line":33,"column":34},"end":{"line":33,"column":73}},"9":{"start":{"line":33,"column":58},"end":{"line":33,"column":70}},"10":{"start":{"line":35,"column":8},"end":{"line":42,"column":null}},"11":{"start":{"line":44,"column":26},"end":{"line":53,"column":null}},"12":{"start":{"line":45,"column":23},"end":{"line":45,"column":null}},"13":{"start":{"line":46,"column":23},"end":{"line":46,"column":null}},"14":{"start":{"line":48,"column":4},"end":{"line":52,"column":null}},"15":{"start":{"line":49,"column":6},"end":{"line":49,"column":null}},"16":{"start":{"line":50,"column":4},"end":{"line":52,"column":null}},"17":{"start":{"line":51,"column":6},"end":{"line":51,"column":null}},"18":{"start":{"line":55,"column":25},"end":{"line":91,"column":null}},"19":{"start":{"line":56,"column":29},"end":{"line":56,"column":null}},"20":{"start":{"line":57,"column":4},"end":{"line":57,"column":null}},"21":{"start":{"line":57,"column":15},"end":{"line":57,"column":null}},"22":{"start":{"line":59,"column":23},"end":{"line":59,"column":null}},"23":{"start":{"line":60,"column":21},"end":{"line":60,"column":null}},"24":{"start":{"line":62,"column":4},"end":{"line":62,"column":null}},"25":{"start":{"line":62,"column":37},"end":{"line":62,"column":null}},"26":{"start":{"line":64,"column":23},"end":{"line":64,"column":null}},"27":{"start":{"line":65,"column":27},"end":{"line":65,"column":null}},"28":{"start":{"line":69,"column":4},"end":{"line":75,"column":null}},"29":{"start":{"line":70,"column":6},"end":{"line":70,"column":null}},"30":{"start":{"line":71,"column":4},"end":{"line":75,"column":null}},"31":{"start":{"line":72,"column":6},"end":{"line":72,"column":null}},"32":{"start":{"line":74,"column":6},"end":{"line":74,"column":null}},"33":{"start":{"line":78,"column":4},"end":{"line":90,"column":null}},"34":{"start":{"line":80,"column":25},"end":{"line":80,"column":null}},"35":{"start":{"line":80,"column":50},"end":{"line":80,"column":79}},"36":{"start":{"line":81,"column":6},"end":{"line":81,"column":null}},"37":{"start":{"line":81,"column":23},"end":{"line":81,"column":null}},"38":{"start":{"line":83,"column":24},"end":{"line":83,"column":null}},"39":{"start":{"line":84,"column":6},"end":{"line":87,"column":null}},"40":{"start":{"line":85,"column":30},"end":{"line":85,"column":null}},"41":{"start":{"line":85,"column":64},"end":{"line":85,"column":80}},"42":{"start":{"line":86,"column":8},"end":{"line":86,"column":null}},"43":{"start":{"line":89,"column":6},"end":{"line":89,"column":null}},"44":{"start":{"line":93,"column":24},"end":{"line":139,"column":null}},"45":{"start":{"line":94,"column":29},"end":{"line":94,"column":null}},"46":{"start":{"line":96,"column":4},"end":{"line":96,"column":null}},"47":{"start":{"line":97,"column":4},"end":{"line":97,"column":null}},"48":{"start":{"line":99,"column":4},"end":{"line":99,"column":null}},"49":{"start":{"line":99,"column":15},"end":{"line":99,"column":null}},"50":{"start":{"line":101,"column":23},"end":{"line":101,"column":null}},"51":{"start":{"line":102,"column":21},"end":{"line":102,"column":null}},"52":{"start":{"line":104,"column":4},"end":{"line":138,"column":null}},"53":{"start":{"line":105,"column":25},"end":{"line":105,"column":null}},"54":{"start":{"line":111,"column":6},"end":{"line":124,"column":null}},"55":{"start":{"line":112,"column":25},"end":{"line":112,"column":null}},"56":{"start":{"line":113,"column":8},"end":{"line":113,"column":null}},"57":{"start":{"line":114,"column":27},"end":{"line":114,"column":null}},"58":{"start":{"line":114,"column":52},"end":{"line":114,"column":81}},"59":{"start":{"line":115,"column":8},"end":{"line":115,"column":null}},"60":{"start":{"line":115,"column":25},"end":{"line":115,"column":null}},"61":{"start":{"line":116,"column":8},"end":{"line":116,"column":null}},"62":{"start":{"line":116,"column":56},"end":{"line":116,"column":72}},"63":{"start":{"line":117,"column":8},"end":{"line":117,"column":null}},"64":{"start":{"line":117,"column":29},"end":{"line":117,"column":null}},"65":{"start":{"line":118,"column":6},"end":{"line":124,"column":null}},"66":{"start":{"line":119,"column":8},"end":{"line":119,"column":null}},"67":{"start":{"line":120,"column":27},"end":{"line":120,"column":null}},"68":{"start":{"line":120,"column":52},"end":{"line":120,"column":81}},"69":{"start":{"line":121,"column":8},"end":{"line":121,"column":null}},"70":{"start":{"line":123,"column":8},"end":{"line":123,"column":null}},"71":{"start":{"line":127,"column":6},"end":{"line":129,"column":null}},"72":{"start":{"line":128,"column":8},"end":{"line":128,"column":null}},"73":{"start":{"line":130,"column":4},"end":{"line":138,"column":null}},"74":{"start":{"line":131,"column":6},"end":{"line":137,"column":null}},"75":{"start":{"line":132,"column":25},"end":{"line":132,"column":null}},"76":{"start":{"line":132,"column":55},"end":{"line":132,"column":81}},"77":{"start":{"line":133,"column":25},"end":{"line":133,"column":null}},"78":{"start":{"line":133,"column":55},"end":{"line":133,"column":79}},"79":{"start":{"line":134,"column":8},"end":{"line":136,"column":null}},"80":{"start":{"line":135,"column":10},"end":{"line":135,"column":null}},"81":{"start":{"line":141,"column":26},"end":{"line":154,"column":null}},"82":{"start":{"line":142,"column":4},"end":{"line":142,"column":null}},"83":{"start":{"line":142,"column":49},"end":{"line":142,"column":null}},"84":{"start":{"line":144,"column":4},"end":{"line":153,"column":null}},"85":{"start":{"line":145,"column":6},"end":{"line":148,"column":null}},"86":{"start":{"line":149,"column":6},"end":{"line":149,"column":null}},"87":{"start":{"line":150,"column":6},"end":{"line":150,"column":null}},"88":{"start":{"line":152,"column":6},"end":{"line":152,"column":null}},"89":{"start":{"line":156,"column":24},"end":{"line":163,"column":null}},"90":{"start":{"line":157,"column":4},"end":{"line":162,"column":null}},"91":{"start":{"line":158,"column":6},"end":{"line":158,"column":null}},"92":{"start":{"line":159,"column":4},"end":{"line":162,"column":null}},"93":{"start":{"line":160,"column":6},"end":{"line":160,"column":null}},"94":{"start":{"line":161,"column":6},"end":{"line":161,"column":null}},"95":{"start":{"line":165,"column":2},"end":{"line":238,"column":null}},"96":{"start":{"line":177,"column":14},"end":{"line":182,"column":null}},"97":{"start":{"line":191,"column":33},"end":{"line":191,"column":null}},"98":{"start":{"line":194,"column":18},"end":{"line":196,"column":null}},"99":{"start":{"line":195,"column":20},"end":{"line":195,"column":null}},"100":{"start":{"line":209,"column":62},"end":{"line":209,"column":null}},"101":{"start":{"line":236,"column":55},"end":{"line":236,"column":78}}},"fnMap":{"0":{"name":"BoardView","decl":{"start":{"line":24,"column":16},"end":{"line":24,"column":28}},"loc":{"start":{"line":24,"column":28},"end":{"line":240,"column":null}},"line":24},"1":{"name":"(anonymous_1)","decl":{"start":{"line":33,"column":28},"end":{"line":33,"column":34}},"loc":{"start":{"line":33,"column":34},"end":{"line":33,"column":73}},"line":33},"2":{"name":"(anonymous_2)","decl":{"start":{"line":33,"column":50},"end":{"line":33,"column":51}},"loc":{"start":{"line":33,"column":58},"end":{"line":33,"column":70}},"line":33},"3":{"name":"(anonymous_3)","decl":{"start":{"line":44,"column":26},"end":{"line":44,"column":27}},"loc":{"start":{"line":44,"column":53},"end":{"line":53,"column":null}},"line":44},"4":{"name":"(anonymous_4)","decl":{"start":{"line":55,"column":25},"end":{"line":55,"column":26}},"loc":{"start":{"line":55,"column":51},"end":{"line":91,"column":null}},"line":55},"5":{"name":"(anonymous_5)","decl":{"start":{"line":80,"column":42},"end":{"line":80,"column":43}},"loc":{"start":{"line":80,"column":50},"end":{"line":80,"column":79}},"line":80},"6":{"name":"(anonymous_6)","decl":{"start":{"line":85,"column":57},"end":{"line":85,"column":58}},"loc":{"start":{"line":85,"column":64},"end":{"line":85,"column":80}},"line":85},"7":{"name":"(anonymous_7)","decl":{"start":{"line":93,"column":24},"end":{"line":93,"column":25}},"loc":{"start":{"line":93,"column":49},"end":{"line":139,"column":null}},"line":93},"8":{"name":"(anonymous_8)","decl":{"start":{"line":114,"column":44},"end":{"line":114,"column":45}},"loc":{"start":{"line":114,"column":52},"end":{"line":114,"column":81}},"line":114},"9":{"name":"(anonymous_9)","decl":{"start":{"line":116,"column":49},"end":{"line":116,"column":50}},"loc":{"start":{"line":116,"column":56},"end":{"line":116,"column":72}},"line":116},"10":{"name":"(anonymous_10)","decl":{"start":{"line":120,"column":44},"end":{"line":120,"column":45}},"loc":{"start":{"line":120,"column":52},"end":{"line":120,"column":81}},"line":120},"11":{"name":"(anonymous_11)","decl":{"start":{"line":132,"column":47},"end":{"line":132,"column":48}},"loc":{"start":{"line":132,"column":55},"end":{"line":132,"column":81}},"line":132},"12":{"name":"(anonymous_12)","decl":{"start":{"line":133,"column":47},"end":{"line":133,"column":48}},"loc":{"start":{"line":133,"column":55},"end":{"line":133,"column":79}},"line":133},"13":{"name":"(anonymous_13)","decl":{"start":{"line":141,"column":26},"end":{"line":141,"column":38}},"loc":{"start":{"line":141,"column":38},"end":{"line":154,"column":null}},"line":141},"14":{"name":"(anonymous_14)","decl":{"start":{"line":156,"column":24},"end":{"line":156,"column":25}},"loc":{"start":{"line":156,"column":52},"end":{"line":163,"column":null}},"line":156},"15":{"name":"(anonymous_15)","decl":{"start":{"line":176,"column":29},"end":{"line":176,"column":30}},"loc":{"start":{"line":177,"column":14},"end":{"line":182,"column":null}},"line":177},"16":{"name":"(anonymous_16)","decl":{"start":{"line":191,"column":26},"end":{"line":191,"column":27}},"loc":{"start":{"line":191,"column":33},"end":{"line":191,"column":null}},"line":191},"17":{"name":"(anonymous_17)","decl":{"start":{"line":193,"column":24},"end":{"line":193,"column":30}},"loc":{"start":{"line":193,"column":30},"end":{"line":197,"column":null}},"line":193},"18":{"name":"(anonymous_18)","decl":{"start":{"line":209,"column":56},"end":{"line":209,"column":62}},"loc":{"start":{"line":209,"column":62},"end":{"line":209,"column":null}},"line":209},"19":{"name":"(anonymous_19)","decl":{"start":{"line":222,"column":47},"end":{"line":222,"column":53}},"loc":{"start":{"line":222,"column":53},"end":{"line":222,"column":57}},"line":222},"20":{"name":"(anonymous_20)","decl":{"start":{"line":236,"column":49},"end":{"line":236,"column":55}},"loc":{"start":{"line":236,"column":55},"end":{"line":236,"column":78}},"line":236}},"branchMap":{"0":{"loc":{"start":{"line":48,"column":4},"end":{"line":52,"column":null}},"type":"if","locations":[{"start":{"line":48,"column":4},"end":{"line":52,"column":null}},{"start":{"line":50,"column":4},"end":{"line":52,"column":null}}],"line":48},"1":{"loc":{"start":{"line":50,"column":4},"end":{"line":52,"column":null}},"type":"if","locations":[{"start":{"line":50,"column":4},"end":{"line":52,"column":null}},{"start":{},"end":{}}],"line":50},"2":{"loc":{"start":{"line":57,"column":4},"end":{"line":57,"column":null}},"type":"if","locations":[{"start":{"line":57,"column":4},"end":{"line":57,"column":null}},{"start":{},"end":{}}],"line":57},"3":{"loc":{"start":{"line":62,"column":4},"end":{"line":62,"column":null}},"type":"if","locations":[{"start":{"line":62,"column":4},"end":{"line":62,"column":null}},{"start":{},"end":{}}],"line":62},"4":{"loc":{"start":{"line":69,"column":4},"end":{"line":75,"column":null}},"type":"if","locations":[{"start":{"line":69,"column":4},"end":{"line":75,"column":null}},{"start":{"line":71,"column":4},"end":{"line":75,"column":null}}],"line":69},"5":{"loc":{"start":{"line":71,"column":4},"end":{"line":75,"column":null}},"type":"if","locations":[{"start":{"line":71,"column":4},"end":{"line":75,"column":null}},{"start":{"line":73,"column":11},"end":{"line":75,"column":null}}],"line":71},"6":{"loc":{"start":{"line":78,"column":4},"end":{"line":90,"column":null}},"type":"if","locations":[{"start":{"line":78,"column":4},"end":{"line":90,"column":null}},{"start":{},"end":{}}],"line":78},"7":{"loc":{"start":{"line":81,"column":6},"end":{"line":81,"column":null}},"type":"if","locations":[{"start":{"line":81,"column":6},"end":{"line":81,"column":null}},{"start":{},"end":{}}],"line":81},"8":{"loc":{"start":{"line":84,"column":6},"end":{"line":87,"column":null}},"type":"if","locations":[{"start":{"line":84,"column":6},"end":{"line":87,"column":null}},{"start":{},"end":{}}],"line":84},"9":{"loc":{"start":{"line":86,"column":22},"end":{"line":86,"column":null}},"type":"cond-expr","locations":[{"start":{"line":86,"column":43},"end":{"line":86,"column":59}},{"start":{"line":86,"column":59},"end":{"line":86,"column":null}}],"line":86},"10":{"loc":{"start":{"line":99,"column":4},"end":{"line":99,"column":null}},"type":"if","locations":[{"start":{"line":99,"column":4},"end":{"line":99,"column":null}},{"start":{},"end":{}}],"line":99},"11":{"loc":{"start":{"line":104,"column":4},"end":{"line":138,"column":null}},"type":"if","locations":[{"start":{"line":104,"column":4},"end":{"line":138,"column":null}},{"start":{"line":130,"column":4},"end":{"line":138,"column":null}}],"line":104},"12":{"loc":{"start":{"line":111,"column":6},"end":{"line":124,"column":null}},"type":"if","locations":[{"start":{"line":111,"column":6},"end":{"line":124,"column":null}},{"start":{"line":118,"column":6},"end":{"line":124,"column":null}}],"line":111},"13":{"loc":{"start":{"line":115,"column":8},"end":{"line":115,"column":null}},"type":"if","locations":[{"start":{"line":115,"column":8},"end":{"line":115,"column":null}},{"start":{},"end":{}}],"line":115},"14":{"loc":{"start":{"line":117,"column":8},"end":{"line":117,"column":null}},"type":"if","locations":[{"start":{"line":117,"column":8},"end":{"line":117,"column":null}},{"start":{},"end":{}}],"line":117},"15":{"loc":{"start":{"line":118,"column":6},"end":{"line":124,"column":null}},"type":"if","locations":[{"start":{"line":118,"column":6},"end":{"line":124,"column":null}},{"start":{"line":122,"column":13},"end":{"line":124,"column":null}}],"line":118},"16":{"loc":{"start":{"line":121,"column":22},"end":{"line":121,"column":null}},"type":"binary-expr","locations":[{"start":{"line":121,"column":22},"end":{"line":121,"column":50}},{"start":{"line":121,"column":50},"end":{"line":121,"column":null}}],"line":121},"17":{"loc":{"start":{"line":127,"column":6},"end":{"line":129,"column":null}},"type":"if","locations":[{"start":{"line":127,"column":6},"end":{"line":129,"column":null}},{"start":{},"end":{}}],"line":127},"18":{"loc":{"start":{"line":127,"column":10},"end":{"line":127,"column":84}},"type":"binary-expr","locations":[{"start":{"line":127,"column":10},"end":{"line":127,"column":50}},{"start":{"line":127,"column":50},"end":{"line":127,"column":84}}],"line":127},"19":{"loc":{"start":{"line":130,"column":4},"end":{"line":138,"column":null}},"type":"if","locations":[{"start":{"line":130,"column":4},"end":{"line":138,"column":null}},{"start":{},"end":{}}],"line":130},"20":{"loc":{"start":{"line":131,"column":6},"end":{"line":137,"column":null}},"type":"if","locations":[{"start":{"line":131,"column":6},"end":{"line":137,"column":null}},{"start":{},"end":{}}],"line":131},"21":{"loc":{"start":{"line":134,"column":8},"end":{"line":136,"column":null}},"type":"if","locations":[{"start":{"line":134,"column":8},"end":{"line":136,"column":null}},{"start":{},"end":{}}],"line":134},"22":{"loc":{"start":{"line":134,"column":12},"end":{"line":134,"column":48}},"type":"binary-expr","locations":[{"start":{"line":134,"column":12},"end":{"line":134,"column":31}},{"start":{"line":134,"column":31},"end":{"line":134,"column":48}}],"line":134},"23":{"loc":{"start":{"line":142,"column":4},"end":{"line":142,"column":null}},"type":"if","locations":[{"start":{"line":142,"column":4},"end":{"line":142,"column":null}},{"start":{},"end":{}}],"line":142},"24":{"loc":{"start":{"line":142,"column":8},"end":{"line":142,"column":49}},"type":"binary-expr","locations":[{"start":{"line":142,"column":8},"end":{"line":142,"column":33}},{"start":{"line":142,"column":33},"end":{"line":142,"column":49}}],"line":142},"25":{"loc":{"start":{"line":157,"column":4},"end":{"line":162,"column":null}},"type":"if","locations":[{"start":{"line":157,"column":4},"end":{"line":162,"column":null}},{"start":{"line":159,"column":4},"end":{"line":162,"column":null}}],"line":157},"26":{"loc":{"start":{"line":159,"column":4},"end":{"line":162,"column":null}},"type":"if","locations":[{"start":{"line":159,"column":4},"end":{"line":162,"column":null}},{"start":{},"end":{}}],"line":159},"27":{"loc":{"start":{"line":186,"column":11},"end":{"line":215,"column":null}},"type":"cond-expr","locations":[{"start":{"line":187,"column":12},"end":{"line":207,"column":null}},{"start":{"line":209,"column":12},"end":{"line":215,"column":null}}],"line":186},"28":{"loc":{"start":{"line":194,"column":18},"end":{"line":196,"column":null}},"type":"if","locations":[{"start":{"line":194,"column":18},"end":{"line":196,"column":null}},{"start":{},"end":{}}],"line":194},"29":{"loc":{"start":{"line":220,"column":11},"end":{"line":223,"column":null}},"type":"binary-expr","locations":[{"start":{"line":220,"column":11},"end":{"line":220,"column":null}},{"start":{"line":221,"column":12},"end":{"line":223,"column":null}}],"line":220},"30":{"loc":{"start":{"line":225,"column":11},"end":{"line":230,"column":null}},"type":"binary-expr","locations":[{"start":{"line":225,"column":11},"end":{"line":225,"column":null}},{"start":{"line":226,"column":12},"end":{"line":230,"column":null}}],"line":225},"31":{"loc":{"start":{"line":235,"column":7},"end":{"line":236,"column":null}},"type":"binary-expr","locations":[{"start":{"line":235,"column":7},"end":{"line":235,"column":null}},{"start":{"line":236,"column":8},"end":{"line":236,"column":null}}],"line":235}},"s":{"0":0,"1":0,"2":0,"3":0,"4":0,"5":0,"6":0,"7":0,"8":0,"9":0,"10":0,"11":0,"12":0,"13":0,"14":0,"15":0,"16":0,"17":0,"18":0,"19":0,"20":0,"21":0,"22":0,"23":0,"24":0,"25":0,"26":0,"27":0,"28":0,"29":0,"30":0,"31":0,"32":0,"33":0,"34":0,"35":0,"36":0,"37":0,"38":0,"39":0,"40":0,"41":0,"42":0,"43":0,"44":0,"45":0,"46":0,"47":0,"48":0,"49":0,"50":0,"51":0,"52":0,"53":0,"54":0,"55":0,"56":0,"57":0,"58":0,"59":0,"60":0,"61":0,"62":0,"63":0,"64":0,"65":0,"66":0,"67":0,"68":0,"69":0,"70":0,"71":0,"72":0,"73":0,"74":0,"75":0,"76":0,"77":0,"78":0,"79":0,"80":0,"81":0,"82":0,"83":0,"84":0,"85":0,"86":0,"87":0,"88":0,"89":0,"90":0,"91":0,"92":0,"93":0,"94":0,"95":0,"96":0,"97":0,"98":0,"99":0,"100":0,"101":0},"f":{"0":0,"1":0,"2":0,"3":0,"4":0,"5":0,"6":0,"7":0,"8":0,"9":0,"10":0,"11":0,"12":0,"13":0,"14":0,"15":0,"16":0,"17":0,"18":0,"19":0,"20":0},"b":{"0":[0,0],"1":[0,0],"2":[0,0],"3":[0,0],"4":[0,0],"5":[0,0],"6":[0,0],"7":[0,0],"8":[0,0],"9":[0,0],"10":[0,0],"11":[0,0],"12":[0,0],"13":[0,0],"14":[0,0],"15":[0,0],"16":[0,0],"17":[0,0],"18":[0,0],"19":[0,0],"20":[0,0],"21":[0,0],"22":[0,0],"23":[0,0],"24":[0,0],"25":[0,0],"26":[0,0],"27":[0,0],"28":[0,0],"29":[0,0],"30":[0,0],"31":[0,0]},"meta":{"lastBranch":32,"lastFunction":21,"lastStatement":102,"seen":{"f:24:16:24:28":0,"s:25:76:25:Infinity":0,"s:26:38:26:Infinity":1,"s:27:42:27:Infinity":2,"s:28:40:28:Infinity":3,"s:29:34:29:Infinity":4,"s:30:38:30:Infinity":5,"s:32:22:32:Infinity":6,"s:33:8:33:Infinity":7,"f:33:28:33:34":1,"s:33:34:33:73":8,"f:33:50:33:51":2,"s:33:58:33:70":9,"s:35:8:42:Infinity":10,"s:44:26:53:Infinity":11,"f:44:26:44:27":3,"s:45:23:45:Infinity":12,"s:46:23:46:Infinity":13,"b:48:4:52:Infinity:50:4:52:Infinity":0,"s:48:4:52:Infinity":14,"s:49:6:49:Infinity":15,"b:50:4:52:Infinity:undefined:undefined:undefined:undefined":1,"s:50:4:52:Infinity":16,"s:51:6:51:Infinity":17,"s:55:25:91:Infinity":18,"f:55:25:55:26":4,"s:56:29:56:Infinity":19,"b:57:4:57:Infinity:undefined:undefined:undefined:undefined":2,"s:57:4:57:Infinity":20,"s:57:15:57:Infinity":21,"s:59:23:59:Infinity":22,"s:60:21:60:Infinity":23,"b:62:4:62:Infinity:undefined:undefined:undefined:undefined":3,"s:62:4:62:Infinity":24,"s:62:37:62:Infinity":25,"s:64:23:64:Infinity":26,"s:65:27:65:Infinity":27,"b:69:4:75:Infinity:71:4:75:Infinity":4,"s:69:4:75:Infinity":28,"s:70:6:70:Infinity":29,"b:71:4:75:Infinity:73:11:75:Infinity":5,"s:71:4:75:Infinity":30,"s:72:6:72:Infinity":31,"s:74:6:74:Infinity":32,"b:78:4:90:Infinity:undefined:undefined:undefined:undefined":6,"s:78:4:90:Infinity":33,"s:80:25:80:Infinity":34,"f:80:42:80:43":5,"s:80:50:80:79":35,"b:81:6:81:Infinity:undefined:undefined:undefined:undefined":7,"s:81:6:81:Infinity":36,"s:81:23:81:Infinity":37,"s:83:24:83:Infinity":38,"b:84:6:87:Infinity:undefined:undefined:undefined:undefined":8,"s:84:6:87:Infinity":39,"s:85:30:85:Infinity":40,"f:85:57:85:58":6,"s:85:64:85:80":41,"s:86:8:86:Infinity":42,"b:86:43:86:59:86:59:86:Infinity":9,"s:89:6:89:Infinity":43,"s:93:24:139:Infinity":44,"f:93:24:93:25":7,"s:94:29:94:Infinity":45,"s:96:4:96:Infinity":46,"s:97:4:97:Infinity":47,"b:99:4:99:Infinity:undefined:undefined:undefined:undefined":10,"s:99:4:99:Infinity":48,"s:99:15:99:Infinity":49,"s:101:23:101:Infinity":50,"s:102:21:102:Infinity":51,"b:104:4:138:Infinity:130:4:138:Infinity":11,"s:104:4:138:Infinity":52,"s:105:25:105:Infinity":53,"b:111:6:124:Infinity:118:6:124:Infinity":12,"s:111:6:124:Infinity":54,"s:112:25:112:Infinity":55,"s:113:8:113:Infinity":56,"s:114:27:114:Infinity":57,"f:114:44:114:45":8,"s:114:52:114:81":58,"b:115:8:115:Infinity:undefined:undefined:undefined:undefined":13,"s:115:8:115:Infinity":59,"s:115:25:115:Infinity":60,"s:116:8:116:Infinity":61,"f:116:49:116:50":9,"s:116:56:116:72":62,"b:117:8:117:Infinity:undefined:undefined:undefined:undefined":14,"s:117:8:117:Infinity":63,"s:117:29:117:Infinity":64,"b:118:6:124:Infinity:122:13:124:Infinity":15,"s:118:6:124:Infinity":65,"s:119:8:119:Infinity":66,"s:120:27:120:Infinity":67,"f:120:44:120:45":10,"s:120:52:120:81":68,"s:121:8:121:Infinity":69,"b:121:22:121:50:121:50:121:Infinity":16,"s:123:8:123:Infinity":70,"b:127:6:129:Infinity:undefined:undefined:undefined:undefined":17,"s:127:6:129:Infinity":71,"b:127:10:127:50:127:50:127:84":18,"s:128:8:128:Infinity":72,"b:130:4:138:Infinity:undefined:undefined:undefined:undefined":19,"s:130:4:138:Infinity":73,"b:131:6:137:Infinity:undefined:undefined:undefined:undefined":20,"s:131:6:137:Infinity":74,"s:132:25:132:Infinity":75,"f:132:47:132:48":11,"s:132:55:132:81":76,"s:133:25:133:Infinity":77,"f:133:47:133:48":12,"s:133:55:133:79":78,"b:134:8:136:Infinity:undefined:undefined:undefined:undefined":21,"s:134:8:136:Infinity":79,"b:134:12:134:31:134:31:134:48":22,"s:135:10:135:Infinity":80,"s:141:26:154:Infinity":81,"f:141:26:141:38":13,"b:142:4:142:Infinity:undefined:undefined:undefined:undefined":23,"s:142:4:142:Infinity":82,"b:142:8:142:33:142:33:142:49":24,"s:142:49:142:Infinity":83,"s:144:4:153:Infinity":84,"s:145:6:148:Infinity":85,"s:149:6:149:Infinity":86,"s:150:6:150:Infinity":87,"s:152:6:152:Infinity":88,"s:156:24:163:Infinity":89,"f:156:24:156:25":14,"b:157:4:162:Infinity:159:4:162:Infinity":25,"s:157:4:162:Infinity":90,"s:158:6:158:Infinity":91,"b:159:4:162:Infinity:undefined:undefined:undefined:undefined":26,"s:159:4:162:Infinity":92,"s:160:6:160:Infinity":93,"s:161:6:161:Infinity":94,"s:165:2:238:Infinity":95,"f:176:29:176:30":15,"s:177:14:182:Infinity":96,"b:187:12:207:Infinity:209:12:215:Infinity":27,"f:191:26:191:27":16,"s:191:33:191:Infinity":97,"f:193:24:193:30":17,"b:194:18:196:Infinity:undefined:undefined:undefined:undefined":28,"s:194:18:196:Infinity":98,"s:195:20:195:Infinity":99,"f:209:56:209:62":18,"s:209:62:209:Infinity":100,"b:220:11:220:Infinity:221:12:223:Infinity":29,"f:222:47:222:53":19,"b:225:11:225:Infinity:226:12:230:Infinity":30,"b:235:7:235:Infinity:236:8:236:Infinity":31,"f:236:49:236:55":20,"s:236:55:236:78":101}}}
,"/home/zerocool/kanban/src/components/Card.tsx": {"path":"/home/zerocool/kanban/src/components/Card.tsx","statementMap":{"0":{"start":{"line":9,"column":13},"end":{"line":24,"column":null}},"1":{"start":{"line":10,"column":2},"end":{"line":22,"column":null}}},"fnMap":{"0":{"name":"Card2","decl":{"start":{"line":9,"column":34},"end":{"line":9,"column":39}},"loc":{"start":{"line":9,"column":69},"end":{"line":24,"column":1}},"line":9}},"branchMap":{"0":{"loc":{"start":{"line":13,"column":7},"end":{"line":20,"column":null}},"type":"binary-expr","locations":[{"start":{"line":13,"column":7},"end":{"line":13,"column":null}},{"start":{"line":14,"column":8},"end":{"line":20,"column":null}}],"line":13}},"s":{"0":0,"1":0},"f":{"0":0},"b":{"0":[0,0]},"meta":{"lastBranch":1,"lastFunction":1,"lastStatement":2,"seen":{"s:9:13:24:Infinity":0,"f:9:34:9:39":0,"s:10:2:22:Infinity":1,"b:13:7:13:Infinity:14:8:20:Infinity":0}}}
,"/home/zerocool/kanban/src/components/CardDetail.tsx": {"path":"/home/zerocool/kanban/src/components/CardDetail.tsx","statementMap":{"0":{"start":{"line":12,"column":40},"end":{"line":12,"column":null}},"1":{"start":{"line":13,"column":42},"end":{"line":13,"column":null}},"2":{"start":{"line":14,"column":54},"end":{"line":14,"column":null}},"3":{"start":{"line":15,"column":32},"end":{"line":15,"column":null}},"4":{"start":{"line":16,"column":44},"end":{"line":16,"column":null}},"5":{"start":{"line":17,"column":48},"end":{"line":17,"column":null}},"6":{"start":{"line":20,"column":22},"end":{"line":20,"column":null}},"7":{"start":{"line":22,"column":2},"end":{"line":25,"column":null}},"8":{"start":{"line":23,"column":4},"end":{"line":23,"column":null}},"9":{"start":{"line":24,"column":4},"end":{"line":24,"column":null}},"10":{"start":{"line":27,"column":26},"end":{"line":32,"column":null}},"11":{"start":{"line":28,"column":4},"end":{"line":30,"column":null}},"12":{"start":{"line":29,"column":6},"end":{"line":29,"column":null}},"13":{"start":{"line":31,"column":4},"end":{"line":31,"column":null}},"14":{"start":{"line":34,"column":32},"end":{"line":39,"column":null}},"15":{"start":{"line":35,"column":4},"end":{"line":37,"column":null}},"16":{"start":{"line":36,"column":6},"end":{"line":36,"column":null}},"17":{"start":{"line":38,"column":4},"end":{"line":38,"column":null}},"18":{"start":{"line":41,"column":23},"end":{"line":44,"column":null}},"19":{"start":{"line":42,"column":4},"end":{"line":42,"column":null}},"20":{"start":{"line":43,"column":4},"end":{"line":43,"column":null}},"21":{"start":{"line":46,"column":29},"end":{"line":50,"column":null}},"22":{"start":{"line":47,"column":4},"end":{"line":49,"column":null}},"23":{"start":{"line":48,"column":6},"end":{"line":48,"column":null}},"24":{"start":{"line":52,"column":24},"end":{"line":56,"column":null}},"25":{"start":{"line":53,"column":4},"end":{"line":55,"column":null}},"26":{"start":{"line":54,"column":6},"end":{"line":54,"column":null}},"27":{"start":{"line":58,"column":2},"end":{"line":135,"column":null}},"28":{"start":{"line":72,"column":31},"end":{"line":72,"column":null}},"29":{"start":{"line":75,"column":16},"end":{"line":75,"column":null}},"30":{"start":{"line":75,"column":39},"end":{"line":75,"column":null}},"31":{"start":{"line":76,"column":16},"end":{"line":76,"column":null}},"32":{"start":{"line":76,"column":40},"end":{"line":76,"column":null}},"33":{"start":{"line":81,"column":67},"end":{"line":81,"column":null}},"34":{"start":{"line":100,"column":33},"end":{"line":100,"column":null}},"35":{"start":{"line":108,"column":31},"end":{"line":108,"column":null}},"36":{"start":{"line":119,"column":27},"end":{"line":119,"column":null}},"37":{"start":{"line":132,"column":26},"end":{"line":132,"column":null}}},"fnMap":{"0":{"name":"CardDetail","decl":{"start":{"line":11,"column":16},"end":{"line":11,"column":27}},"loc":{"start":{"line":11,"column":63},"end":{"line":137,"column":null}},"line":11},"1":{"name":"(anonymous_1)","decl":{"start":{"line":22,"column":12},"end":{"line":22,"column":18}},"loc":{"start":{"line":22,"column":18},"end":{"line":25,"column":5}},"line":22},"2":{"name":"(anonymous_2)","decl":{"start":{"line":27,"column":26},"end":{"line":27,"column":38}},"loc":{"start":{"line":27,"column":38},"end":{"line":32,"column":null}},"line":27},"3":{"name":"(anonymous_3)","decl":{"start":{"line":34,"column":32},"end":{"line":34,"column":44}},"loc":{"start":{"line":34,"column":44},"end":{"line":39,"column":null}},"line":34},"4":{"name":"(anonymous_4)","decl":{"start":{"line":41,"column":23},"end":{"line":41,"column":35}},"loc":{"start":{"line":41,"column":35},"end":{"line":44,"column":null}},"line":41},"5":{"name":"(anonymous_5)","decl":{"start":{"line":46,"column":29},"end":{"line":46,"column":30}},"loc":{"start":{"line":46,"column":54},"end":{"line":50,"column":null}},"line":46},"6":{"name":"(anonymous_6)","decl":{"start":{"line":52,"column":24},"end":{"line":52,"column":25}},"loc":{"start":{"line":52,"column":52},"end":{"line":56,"column":null}},"line":52},"7":{"name":"(anonymous_7)","decl":{"start":{"line":72,"column":24},"end":{"line":72,"column":25}},"loc":{"start":{"line":72,"column":31},"end":{"line":72,"column":null}},"line":72},"8":{"name":"(anonymous_8)","decl":{"start":{"line":74,"column":25},"end":{"line":74,"column":26}},"loc":{"start":{"line":74,"column":32},"end":{"line":77,"column":null}},"line":74},"9":{"name":"(anonymous_9)","decl":{"start":{"line":81,"column":61},"end":{"line":81,"column":67}},"loc":{"start":{"line":81,"column":67},"end":{"line":81,"column":null}},"line":81},"10":{"name":"(anonymous_10)","decl":{"start":{"line":100,"column":26},"end":{"line":100,"column":27}},"loc":{"start":{"line":100,"column":33},"end":{"line":100,"column":null}},"line":100},"11":{"name":"(anonymous_11)","decl":{"start":{"line":108,"column":25},"end":{"line":108,"column":31}},"loc":{"start":{"line":108,"column":31},"end":{"line":108,"column":null}},"line":108},"12":{"name":"(anonymous_12)","decl":{"start":{"line":119,"column":21},"end":{"line":119,"column":27}},"loc":{"start":{"line":119,"column":27},"end":{"line":119,"column":null}},"line":119},"13":{"name":"(anonymous_13)","decl":{"start":{"line":132,"column":20},"end":{"line":132,"column":26}},"loc":{"start":{"line":132,"column":26},"end":{"line":132,"column":null}},"line":132}},"branchMap":{"0":{"loc":{"start":{"line":16,"column":57},"end":{"line":16,"column":79}},"type":"binary-expr","locations":[{"start":{"line":16,"column":57},"end":{"line":16,"column":77}},{"start":{"line":16,"column":77},"end":{"line":16,"column":79}}],"line":16},"1":{"loc":{"start":{"line":20,"column":22},"end":{"line":20,"column":null}},"type":"binary-expr","locations":[{"start":{"line":20,"column":22},"end":{"line":20,"column":40}},{"start":{"line":20,"column":40},"end":{"line":20,"column":null}}],"line":20},"2":{"loc":{"start":{"line":24,"column":23},"end":{"line":24,"column":52}},"type":"binary-expr","locations":[{"start":{"line":24,"column":23},"end":{"line":24,"column":50}},{"start":{"line":24,"column":50},"end":{"line":24,"column":52}}],"line":24},"3":{"loc":{"start":{"line":28,"column":4},"end":{"line":30,"column":null}},"type":"if","locations":[{"start":{"line":28,"column":4},"end":{"line":30,"column":null}},{"start":{},"end":{}}],"line":28},"4":{"loc":{"start":{"line":28,"column":8},"end":{"line":28,"column":68}},"type":"binary-expr","locations":[{"start":{"line":28,"column":8},"end":{"line":28,"column":28}},{"start":{"line":28,"column":28},"end":{"line":28,"column":68}}],"line":28},"5":{"loc":{"start":{"line":35,"column":4},"end":{"line":37,"column":null}},"type":"if","locations":[{"start":{"line":35,"column":4},"end":{"line":37,"column":null}},{"start":{},"end":{}}],"line":35},"6":{"loc":{"start":{"line":35,"column":29},"end":{"line":35,"column":61}},"type":"binary-expr","locations":[{"start":{"line":35,"column":29},"end":{"line":35,"column":56}},{"start":{"line":35,"column":56},"end":{"line":35,"column":61}}],"line":35},"7":{"loc":{"start":{"line":36,"column":54},"end":{"line":36,"column":83}},"type":"binary-expr","locations":[{"start":{"line":36,"column":54},"end":{"line":36,"column":73}},{"start":{"line":36,"column":73},"end":{"line":36,"column":83}}],"line":36},"8":{"loc":{"start":{"line":47,"column":4},"end":{"line":49,"column":null}},"type":"if","locations":[{"start":{"line":47,"column":4},"end":{"line":49,"column":null}},{"start":{},"end":{}}],"line":47},"9":{"loc":{"start":{"line":53,"column":4},"end":{"line":55,"column":null}},"type":"if","locations":[{"start":{"line":53,"column":4},"end":{"line":55,"column":null}},{"start":{},"end":{}}],"line":53},"10":{"loc":{"start":{"line":67,"column":11},"end":{"line":83,"column":null}},"type":"cond-expr","locations":[{"start":{"line":68,"column":12},"end":{"line":79,"column":null}},{"start":{"line":81,"column":12},"end":{"line":83,"column":null}}],"line":67},"11":{"loc":{"start":{"line":75,"column":16},"end":{"line":75,"column":null}},"type":"if","locations":[{"start":{"line":75,"column":16},"end":{"line":75,"column":null}},{"start":{},"end":{}}],"line":75},"12":{"loc":{"start":{"line":76,"column":16},"end":{"line":76,"column":null}},"type":"if","locations":[{"start":{"line":76,"column":16},"end":{"line":76,"column":null}},{"start":{},"end":{}}],"line":76},"13":{"loc":{"start":{"line":96,"column":13},"end":{"line":111,"column":null}},"type":"cond-expr","locations":[{"start":{"line":97,"column":14},"end":{"line":104,"column":null}},{"start":{"line":106,"column":14},"end":{"line":111,"column":null}}],"line":96},"14":{"loc":{"start":{"line":107,"column":54},"end":{"line":107,"column":93}},"type":"cond-expr","locations":[{"start":{"line":107,"column":81},"end":{"line":107,"column":91}},{"start":{"line":107,"column":91},"end":{"line":107,"column":93}}],"line":107},"15":{"loc":{"start":{"line":110,"column":17},"end":{"line":110,"column":null}},"type":"binary-expr","locations":[{"start":{"line":110,"column":17},"end":{"line":110,"column":44}},{"start":{"line":110,"column":44},"end":{"line":110,"column":null}}],"line":110},"16":{"loc":{"start":{"line":126,"column":7},"end":{"line":133,"column":null}},"type":"binary-expr","locations":[{"start":{"line":126,"column":7},"end":{"line":126,"column":null}},{"start":{"line":127,"column":8},"end":{"line":133,"column":null}}],"line":126}},"s":{"0":0,"1":0,"2":0,"3":0,"4":0,"5":0,"6":0,"7":0,"8":0,"9":0,"10":0,"11":0,"12":0,"13":0,"14":0,"15":0,"16":0,"17":0,"18":0,"19":0,"20":0,"21":0,"22":0,"23":0,"24":0,"25":0,"26":0,"27":0,"28":0,"29":0,"30":0,"31":0,"32":0,"33":0,"34":0,"35":0,"36":0,"37":0},"f":{"0":0,"1":0,"2":0,"3":0,"4":0,"5":0,"6":0,"7":0,"8":0,"9":0,"10":0,"11":0,"12":0,"13":0},"b":{"0":[0,0],"1":[0,0],"2":[0,0],"3":[0,0],"4":[0,0],"5":[0,0],"6":[0,0],"7":[0,0],"8":[0,0],"9":[0,0],"10":[0,0],"11":[0,0],"12":[0,0],"13":[0,0],"14":[0,0],"15":[0,0],"16":[0,0]},"meta":{"lastBranch":17,"lastFunction":14,"lastStatement":38,"seen":{"f:11:16:11:27":0,"s:12:40:12:Infinity":0,"s:13:42:13:Infinity":1,"s:14:54:14:Infinity":2,"s:15:32:15:Infinity":3,"s:16:44:16:Infinity":4,"b:16:57:16:77:16:77:16:79":0,"s:17:48:17:Infinity":5,"s:20:22:20:Infinity":6,"b:20:22:20:40:20:40:20:Infinity":1,"s:22:2:25:Infinity":7,"f:22:12:22:18":1,"s:23:4:23:Infinity":8,"s:24:4:24:Infinity":9,"b:24:23:24:50:24:50:24:52":2,"s:27:26:32:Infinity":10,"f:27:26:27:38":2,"b:28:4:30:Infinity:undefined:undefined:undefined:undefined":3,"s:28:4:30:Infinity":11,"b:28:8:28:28:28:28:28:68":4,"s:29:6:29:Infinity":12,"s:31:4:31:Infinity":13,"s:34:32:39:Infinity":14,"f:34:32:34:44":3,"b:35:4:37:Infinity:undefined:undefined:undefined:undefined":5,"s:35:4:37:Infinity":15,"b:35:29:35:56:35:56:35:61":6,"s:36:6:36:Infinity":16,"b:36:54:36:73:36:73:36:83":7,"s:38:4:38:Infinity":17,"s:41:23:44:Infinity":18,"f:41:23:41:35":4,"s:42:4:42:Infinity":19,"s:43:4:43:Infinity":20,"s:46:29:50:Infinity":21,"f:46:29:46:30":5,"b:47:4:49:Infinity:undefined:undefined:undefined:undefined":8,"s:47:4:49:Infinity":22,"s:48:6:48:Infinity":23,"s:52:24:56:Infinity":24,"f:52:24:52:25":6,"b:53:4:55:Infinity:undefined:undefined:undefined:undefined":9,"s:53:4:55:Infinity":25,"s:54:6:54:Infinity":26,"s:58:2:135:Infinity":27,"b:68:12:79:Infinity:81:12:83:Infinity":10,"f:72:24:72:25":7,"s:72:31:72:Infinity":28,"f:74:25:74:26":8,"b:75:16:75:Infinity:undefined:undefined:undefined:undefined":11,"s:75:16:75:Infinity":29,"s:75:39:75:Infinity":30,"b:76:16:76:Infinity:undefined:undefined:undefined:undefined":12,"s:76:16:76:Infinity":31,"s:76:40:76:Infinity":32,"f:81:61:81:67":9,"s:81:67:81:Infinity":33,"b:97:14:104:Infinity:106:14:111:Infinity":13,"f:100:26:100:27":10,"s:100:33:100:Infinity":34,"b:107:81:107:91:107:91:107:93":14,"f:108:25:108:31":11,"s:108:31:108:Infinity":35,"b:110:17:110:44:110:44:110:Infinity":15,"f:119:21:119:27":12,"s:119:27:119:Infinity":36,"b:126:7:126:Infinity:127:8:133:Infinity":16,"f:132:20:132:26":13,"s:132:26:132:Infinity":37}}}
,"/home/zerocool/kanban/src/components/Column.tsx": {"path":"/home/zerocool/kanban/src/components/Column.tsx","statementMap":{"0":{"start":{"line":18,"column":13},"end":{"line":161,"column":null}},"1":{"start":{"line":19,"column":37},"end":{"line":19,"column":null}},"2":{"start":{"line":20,"column":32},"end":{"line":20,"column":null}},"3":{"start":{"line":21,"column":30},"end":{"line":21,"column":null}},"4":{"start":{"line":22,"column":38},"end":{"line":22,"column":null}},"5":{"start":{"line":23,"column":48},"end":{"line":23,"column":null}},"6":{"start":{"line":25,"column":8},"end":{"line":25,"column":null}},"7":{"start":{"line":25,"column":32},"end":{"line":25,"column":56}},"8":{"start":{"line":25,"column":49},"end":{"line":25,"column":53}},"9":{"start":{"line":34,"column":2},"end":{"line":40,"column":null}},"10":{"start":{"line":42,"column":38},"end":{"line":48,"column":null}},"11":{"start":{"line":50,"column":16},"end":{"line":54,"column":null}},"12":{"start":{"line":56,"column":26},"end":{"line":59,"column":null}},"13":{"start":{"line":57,"column":4},"end":{"line":57,"column":null}},"14":{"start":{"line":58,"column":4},"end":{"line":58,"column":null}},"15":{"start":{"line":61,"column":25},"end":{"line":66,"column":null}},"16":{"start":{"line":62,"column":4},"end":{"line":64,"column":null}},"17":{"start":{"line":63,"column":6},"end":{"line":63,"column":null}},"18":{"start":{"line":65,"column":4},"end":{"line":65,"column":null}},"19":{"start":{"line":68,"column":24},"end":{"line":74,"column":null}},"20":{"start":{"line":69,"column":4},"end":{"line":73,"column":null}},"21":{"start":{"line":70,"column":6},"end":{"line":70,"column":null}},"22":{"start":{"line":71,"column":4},"end":{"line":73,"column":null}},"23":{"start":{"line":72,"column":6},"end":{"line":72,"column":null}},"24":{"start":{"line":76,"column":23},"end":{"line":79,"column":null}},"25":{"start":{"line":77,"column":4},"end":{"line":77,"column":null}},"26":{"start":{"line":78,"column":4},"end":{"line":78,"column":null}},"27":{"start":{"line":81,"column":2},"end":{"line":159,"column":null}},"28":{"start":{"line":89,"column":29},"end":{"line":89,"column":null}},"29":{"start":{"line":92,"column":28},"end":{"line":92,"column":null}},"30":{"start":{"line":104,"column":12},"end":{"line":104,"column":null}},"31":{"start":{"line":105,"column":12},"end":{"line":105,"column":null}},"32":{"start":{"line":118,"column":12},"end":{"line":123,"column":null}},"33":{"start":{"line":122,"column":29},"end":{"line":122,"column":null}},"34":{"start":{"line":132,"column":28},"end":{"line":132,"column":null}},"35":{"start":{"line":133,"column":29},"end":{"line":133,"column":null}},"36":{"start":{"line":136,"column":58},"end":{"line":136,"column":null}},"37":{"start":{"line":156,"column":26},"end":{"line":156,"column":null}}},"fnMap":{"0":{"name":"Column2","decl":{"start":{"line":18,"column":36},"end":{"line":18,"column":43}},"loc":{"start":{"line":18,"column":88},"end":{"line":161,"column":1}},"line":18},"1":{"name":"(anonymous_1)","decl":{"start":{"line":25,"column":26},"end":{"line":25,"column":32}},"loc":{"start":{"line":25,"column":32},"end":{"line":25,"column":56}},"line":25},"2":{"name":"(anonymous_2)","decl":{"start":{"line":25,"column":42},"end":{"line":25,"column":43}},"loc":{"start":{"line":25,"column":49},"end":{"line":25,"column":53}},"line":25},"3":{"name":"(anonymous_3)","decl":{"start":{"line":56,"column":26},"end":{"line":56,"column":32}},"loc":{"start":{"line":56,"column":32},"end":{"line":59,"column":null}},"line":56},"4":{"name":"(anonymous_4)","decl":{"start":{"line":61,"column":25},"end":{"line":61,"column":37}},"loc":{"start":{"line":61,"column":37},"end":{"line":66,"column":null}},"line":61},"5":{"name":"(anonymous_5)","decl":{"start":{"line":68,"column":24},"end":{"line":68,"column":25}},"loc":{"start":{"line":68,"column":52},"end":{"line":74,"column":null}},"line":68},"6":{"name":"(anonymous_6)","decl":{"start":{"line":76,"column":23},"end":{"line":76,"column":35}},"loc":{"start":{"line":76,"column":35},"end":{"line":79,"column":null}},"line":76},"7":{"name":"(anonymous_7)","decl":{"start":{"line":89,"column":22},"end":{"line":89,"column":23}},"loc":{"start":{"line":89,"column":29},"end":{"line":89,"column":null}},"line":89},"8":{"name":"(anonymous_8)","decl":{"start":{"line":92,"column":21},"end":{"line":92,"column":22}},"loc":{"start":{"line":92,"column":28},"end":{"line":92,"column":null}},"line":92},"9":{"name":"(anonymous_9)","decl":{"start":{"line":103,"column":19},"end":{"line":103,"column":20}},"loc":{"start":{"line":103,"column":26},"end":{"line":106,"column":null}},"line":103},"10":{"name":"(anonymous_10)","decl":{"start":{"line":117,"column":21},"end":{"line":117,"column":22}},"loc":{"start":{"line":118,"column":12},"end":{"line":123,"column":null}},"line":118},"11":{"name":"(anonymous_11)","decl":{"start":{"line":122,"column":23},"end":{"line":122,"column":29}},"loc":{"start":{"line":122,"column":29},"end":{"line":122,"column":null}},"line":122},"12":{"name":"(anonymous_12)","decl":{"start":{"line":132,"column":22},"end":{"line":132,"column":28}},"loc":{"start":{"line":132,"column":28},"end":{"line":132,"column":null}},"line":132},"13":{"name":"(anonymous_13)","decl":{"start":{"line":133,"column":23},"end":{"line":133,"column":29}},"loc":{"start":{"line":133,"column":29},"end":{"line":133,"column":null}},"line":133},"14":{"name":"(anonymous_14)","decl":{"start":{"line":136,"column":52},"end":{"line":136,"column":58}},"loc":{"start":{"line":136,"column":58},"end":{"line":136,"column":null}},"line":136},"15":{"name":"(anonymous_15)","decl":{"start":{"line":156,"column":20},"end":{"line":156,"column":26}},"loc":{"start":{"line":156,"column":26},"end":{"line":156,"column":null}},"line":156}},"branchMap":{"0":{"loc":{"start":{"line":53,"column":13},"end":{"line":53,"column":null}},"type":"cond-expr","locations":[{"start":{"line":53,"column":26},"end":{"line":53,"column":32}},{"start":{"line":53,"column":32},"end":{"line":53,"column":null}}],"line":53},"1":{"loc":{"start":{"line":62,"column":4},"end":{"line":64,"column":null}},"type":"if","locations":[{"start":{"line":62,"column":4},"end":{"line":64,"column":null}},{"start":{},"end":{}}],"line":62},"2":{"loc":{"start":{"line":62,"column":8},"end":{"line":62,"column":60}},"type":"binary-expr","locations":[{"start":{"line":62,"column":8},"end":{"line":62,"column":27}},{"start":{"line":62,"column":27},"end":{"line":62,"column":60}}],"line":62},"3":{"loc":{"start":{"line":69,"column":4},"end":{"line":73,"column":null}},"type":"if","locations":[{"start":{"line":69,"column":4},"end":{"line":73,"column":null}},{"start":{"line":71,"column":4},"end":{"line":73,"column":null}}],"line":69},"4":{"loc":{"start":{"line":71,"column":4},"end":{"line":73,"column":null}},"type":"if","locations":[{"start":{"line":71,"column":4},"end":{"line":73,"column":null}},{"start":{},"end":{}}],"line":71},"5":{"loc":{"start":{"line":84,"column":9},"end":{"line":98,"column":null}},"type":"cond-expr","locations":[{"start":{"line":85,"column":10},"end":{"line":94,"column":null}},{"start":{"line":96,"column":10},"end":{"line":98,"column":null}}],"line":84},"6":{"loc":{"start":{"line":129,"column":9},"end":{"line":142,"column":null}},"type":"cond-expr","locations":[{"start":{"line":130,"column":10},"end":{"line":134,"column":null}},{"start":{"line":136,"column":10},"end":{"line":142,"column":null}}],"line":129},"7":{"loc":{"start":{"line":146,"column":7},"end":{"line":157,"column":null}},"type":"binary-expr","locations":[{"start":{"line":146,"column":7},"end":{"line":146,"column":null}},{"start":{"line":147,"column":8},"end":{"line":157,"column":null}}],"line":146},"8":{"loc":{"start":{"line":150,"column":12},"end":{"line":152,"column":null}},"type":"cond-expr","locations":[{"start":{"line":151,"column":16},"end":{"line":151,"column":null}},{"start":{"line":152,"column":16},"end":{"line":152,"column":null}}],"line":150},"9":{"loc":{"start":{"line":151,"column":111},"end":{"line":151,"column":140}},"type":"cond-expr","locations":[{"start":{"line":151,"column":132},"end":{"line":151,"column":137}},{"start":{"line":151,"column":137},"end":{"line":151,"column":140}}],"line":151}},"s":{"0":0,"1":0,"2":0,"3":0,"4":0,"5":0,"6":0,"7":0,"8":0,"9":0,"10":0,"11":0,"12":0,"13":0,"14":0,"15":0,"16":0,"17":0,"18":0,"19":0,"20":0,"21":0,"22":0,"23":0,"24":0,"25":0,"26":0,"27":0,"28":0,"29":0,"30":0,"31":0,"32":0,"33":0,"34":0,"35":0,"36":0,"37":0},"f":{"0":0,"1":0,"2":0,"3":0,"4":0,"5":0,"6":0,"7":0,"8":0,"9":0,"10":0,"11":0,"12":0,"13":0,"14":0,"15":0},"b":{"0":[0,0],"1":[0,0],"2":[0,0],"3":[0,0],"4":[0,0],"5":[0,0],"6":[0,0],"7":[0,0],"8":[0,0],"9":[0,0]},"meta":{"lastBranch":10,"lastFunction":16,"lastStatement":38,"seen":{"s:18:13:161:Infinity":0,"f:18:36:18:43":0,"s:19:37:19:Infinity":1,"s:20:32:20:Infinity":2,"s:21:30:21:Infinity":3,"s:22:38:22:Infinity":4,"s:23:48:23:Infinity":5,"s:25:8:25:Infinity":6,"f:25:26:25:32":1,"s:25:32:25:56":7,"f:25:42:25:43":2,"s:25:49:25:53":8,"s:34:2:40:Infinity":9,"s:42:38:48:Infinity":10,"s:50:16:54:Infinity":11,"b:53:26:53:32:53:32:53:Infinity":0,"s:56:26:59:Infinity":12,"f:56:26:56:32":3,"s:57:4:57:Infinity":13,"s:58:4:58:Infinity":14,"s:61:25:66:Infinity":15,"f:61:25:61:37":4,"b:62:4:64:Infinity:undefined:undefined:undefined:undefined":1,"s:62:4:64:Infinity":16,"b:62:8:62:27:62:27:62:60":2,"s:63:6:63:Infinity":17,"s:65:4:65:Infinity":18,"s:68:24:74:Infinity":19,"f:68:24:68:25":5,"b:69:4:73:Infinity:71:4:73:Infinity":3,"s:69:4:73:Infinity":20,"s:70:6:70:Infinity":21,"b:71:4:73:Infinity:undefined:undefined:undefined:undefined":4,"s:71:4:73:Infinity":22,"s:72:6:72:Infinity":23,"s:76:23:79:Infinity":24,"f:76:23:76:35":6,"s:77:4:77:Infinity":25,"s:78:4:78:Infinity":26,"s:81:2:159:Infinity":27,"b:85:10:94:Infinity:96:10:98:Infinity":5,"f:89:22:89:23":7,"s:89:29:89:Infinity":28,"f:92:21:92:22":8,"s:92:28:92:Infinity":29,"f:103:19:103:20":9,"s:104:12:104:Infinity":30,"s:105:12:105:Infinity":31,"f:117:21:117:22":10,"s:118:12:123:Infinity":32,"f:122:23:122:29":11,"s:122:29:122:Infinity":33,"b:130:10:134:Infinity:136:10:142:Infinity":6,"f:132:22:132:28":12,"s:132:28:132:Infinity":34,"f:133:23:133:29":13,"s:133:29:133:Infinity":35,"f:136:52:136:58":14,"s:136:58:136:Infinity":36,"b:146:7:146:Infinity:147:8:157:Infinity":7,"b:151:16:151:Infinity:152:16:152:Infinity":8,"b:151:132:151:137:151:137:151:140":9,"f:156:20:156:26":15,"s:156:26:156:Infinity":37}}}
,"/home/zerocool/kanban/src/components/Header.tsx": {"path":"/home/zerocool/kanban/src/components/Header.tsx","statementMap":{"0":{"start":{"line":6,"column":75},"end":{"line":6,"column":null}},"1":{"start":{"line":7,"column":32},"end":{"line":7,"column":null}},"2":{"start":{"line":8,"column":30},"end":{"line":8,"column":null}},"3":{"start":{"line":9,"column":48},"end":{"line":9,"column":null}},"4":{"start":{"line":11,"column":16},"end":{"line":11,"column":null}},"5":{"start":{"line":13,"column":2},"end":{"line":21,"column":null}},"6":{"start":{"line":14,"column":4},"end":{"line":19,"column":null}},"7":{"start":{"line":23,"column":26},"end":{"line":26,"column":null}},"8":{"start":{"line":24,"column":4},"end":{"line":24,"column":null}},"9":{"start":{"line":25,"column":4},"end":{"line":25,"column":null}},"10":{"start":{"line":28,"column":25},"end":{"line":33,"column":null}},"11":{"start":{"line":29,"column":4},"end":{"line":31,"column":null}},"12":{"start":{"line":30,"column":6},"end":{"line":30,"column":null}},"13":{"start":{"line":32,"column":4},"end":{"line":32,"column":null}},"14":{"start":{"line":35,"column":24},"end":{"line":41,"column":null}},"15":{"start":{"line":36,"column":4},"end":{"line":40,"column":null}},"16":{"start":{"line":37,"column":6},"end":{"line":37,"column":null}},"17":{"start":{"line":38,"column":4},"end":{"line":40,"column":null}},"18":{"start":{"line":39,"column":6},"end":{"line":39,"column":null}},"19":{"start":{"line":43,"column":23},"end":{"line":57,"column":null}},"20":{"start":{"line":44,"column":21},"end":{"line":44,"column":null}},"21":{"start":{"line":45,"column":25},"end":{"line":45,"column":null}},"22":{"start":{"line":47,"column":4},"end":{"line":47,"column":null}},"23":{"start":{"line":50,"column":28},"end":{"line":50,"column":null}},"24":{"start":{"line":50,"column":52},"end":{"line":50,"column":67}},"25":{"start":{"line":51,"column":4},"end":{"line":54,"column":null}},"26":{"start":{"line":52,"column":24},"end":{"line":52,"column":null}},"27":{"start":{"line":53,"column":6},"end":{"line":53,"column":null}},"28":{"start":{"line":56,"column":4},"end":{"line":56,"column":null}},"29":{"start":{"line":59,"column":2},"end":{"line":94,"column":null}},"30":{"start":{"line":67,"column":29},"end":{"line":67,"column":null}},"31":{"start":{"line":79,"column":63},"end":{"line":79,"column":91}},"32":{"start":{"line":91,"column":26},"end":{"line":91,"column":null}}},"fnMap":{"0":{"name":"Header","decl":{"start":{"line":5,"column":16},"end":{"line":5,"column":25}},"loc":{"start":{"line":5,"column":25},"end":{"line":96,"column":null}},"line":5},"1":{"name":"(anonymous_1)","decl":{"start":{"line":23,"column":26},"end":{"line":23,"column":32}},"loc":{"start":{"line":23,"column":32},"end":{"line":26,"column":null}},"line":23},"2":{"name":"(anonymous_2)","decl":{"start":{"line":28,"column":25},"end":{"line":28,"column":37}},"loc":{"start":{"line":28,"column":37},"end":{"line":33,"column":null}},"line":28},"3":{"name":"(anonymous_3)","decl":{"start":{"line":35,"column":24},"end":{"line":35,"column":25}},"loc":{"start":{"line":35,"column":52},"end":{"line":41,"column":null}},"line":35},"4":{"name":"(anonymous_4)","decl":{"start":{"line":43,"column":23},"end":{"line":43,"column":35}},"loc":{"start":{"line":43,"column":35},"end":{"line":57,"column":null}},"line":43},"5":{"name":"(anonymous_5)","decl":{"start":{"line":50,"column":44},"end":{"line":50,"column":45}},"loc":{"start":{"line":50,"column":52},"end":{"line":50,"column":67}},"line":50},"6":{"name":"(anonymous_6)","decl":{"start":{"line":67,"column":22},"end":{"line":67,"column":23}},"loc":{"start":{"line":67,"column":29},"end":{"line":67,"column":null}},"line":67},"7":{"name":"(anonymous_7)","decl":{"start":{"line":79,"column":57},"end":{"line":79,"column":63}},"loc":{"start":{"line":79,"column":63},"end":{"line":79,"column":91}},"line":79},"8":{"name":"(anonymous_8)","decl":{"start":{"line":91,"column":20},"end":{"line":91,"column":26}},"loc":{"start":{"line":91,"column":26},"end":{"line":91,"column":null}},"line":91}},"branchMap":{"0":{"loc":{"start":{"line":13,"column":2},"end":{"line":21,"column":null}},"type":"if","locations":[{"start":{"line":13,"column":2},"end":{"line":21,"column":null}},{"start":{},"end":{}}],"line":13},"1":{"loc":{"start":{"line":29,"column":4},"end":{"line":31,"column":null}},"type":"if","locations":[{"start":{"line":29,"column":4},"end":{"line":31,"column":null}},{"start":{},"end":{}}],"line":29},"2":{"loc":{"start":{"line":29,"column":8},"end":{"line":29,"column":59}},"type":"binary-expr","locations":[{"start":{"line":29,"column":8},"end":{"line":29,"column":27}},{"start":{"line":29,"column":27},"end":{"line":29,"column":59}}],"line":29},"3":{"loc":{"start":{"line":36,"column":4},"end":{"line":40,"column":null}},"type":"if","locations":[{"start":{"line":36,"column":4},"end":{"line":40,"column":null}},{"start":{"line":38,"column":4},"end":{"line":40,"column":null}}],"line":36},"4":{"loc":{"start":{"line":38,"column":4},"end":{"line":40,"column":null}},"type":"if","locations":[{"start":{"line":38,"column":4},"end":{"line":40,"column":null}},{"start":{},"end":{}}],"line":38},"5":{"loc":{"start":{"line":51,"column":4},"end":{"line":54,"column":null}},"type":"if","locations":[{"start":{"line":51,"column":4},"end":{"line":54,"column":null}},{"start":{},"end":{}}],"line":51},"6":{"loc":{"start":{"line":62,"column":9},"end":{"line":75,"column":null}},"type":"cond-expr","locations":[{"start":{"line":63,"column":10},"end":{"line":71,"column":null}},{"start":{"line":73,"column":10},"end":{"line":75,"column":null}}],"line":62},"7":{"loc":{"start":{"line":85,"column":7},"end":{"line":92,"column":null}},"type":"binary-expr","locations":[{"start":{"line":85,"column":7},"end":{"line":85,"column":null}},{"start":{"line":86,"column":8},"end":{"line":92,"column":null}}],"line":85}},"s":{"0":0,"1":0,"2":0,"3":0,"4":0,"5":0,"6":0,"7":0,"8":0,"9":0,"10":0,"11":0,"12":0,"13":0,"14":0,"15":0,"16":0,"17":0,"18":0,"19":0,"20":0,"21":0,"22":0,"23":0,"24":0,"25":0,"26":0,"27":0,"28":0,"29":0,"30":0,"31":0,"32":0},"f":{"0":0,"1":0,"2":0,"3":0,"4":0,"5":0,"6":0,"7":0,"8":0},"b":{"0":[0,0],"1":[0,0],"2":[0,0],"3":[0,0],"4":[0,0],"5":[0,0],"6":[0,0],"7":[0,0]},"meta":{"lastBranch":8,"lastFunction":9,"lastStatement":33,"seen":{"f:5:16:5:25":0,"s:6:75:6:Infinity":0,"s:7:32:7:Infinity":1,"s:8:30:8:Infinity":2,"s:9:48:9:Infinity":3,"s:11:16:11:Infinity":4,"b:13:2:21:Infinity:undefined:undefined:undefined:undefined":0,"s:13:2:21:Infinity":5,"s:14:4:19:Infinity":6,"s:23:26:26:Infinity":7,"f:23:26:23:32":1,"s:24:4:24:Infinity":8,"s:25:4:25:Infinity":9,"s:28:25:33:Infinity":10,"f:28:25:28:37":2,"b:29:4:31:Infinity:undefined:undefined:undefined:undefined":1,"s:29:4:31:Infinity":11,"b:29:8:29:27:29:27:29:59":2,"s:30:6:30:Infinity":12,"s:32:4:32:Infinity":13,"s:35:24:41:Infinity":14,"f:35:24:35:25":3,"b:36:4:40:Infinity:38:4:40:Infinity":3,"s:36:4:40:Infinity":15,"s:37:6:37:Infinity":16,"b:38:4:40:Infinity:undefined:undefined:undefined:undefined":4,"s:38:4:40:Infinity":17,"s:39:6:39:Infinity":18,"s:43:23:57:Infinity":19,"f:43:23:43:35":4,"s:44:21:44:Infinity":20,"s:45:25:45:Infinity":21,"s:47:4:47:Infinity":22,"s:50:28:50:Infinity":23,"f:50:44:50:45":5,"s:50:52:50:67":24,"b:51:4:54:Infinity:undefined:undefined:undefined:undefined":5,"s:51:4:54:Infinity":25,"s:52:24:52:Infinity":26,"s:53:6:53:Infinity":27,"s:56:4:56:Infinity":28,"s:59:2:94:Infinity":29,"b:63:10:71:Infinity:73:10:75:Infinity":6,"f:67:22:67:23":6,"s:67:29:67:Infinity":30,"f:79:57:79:63":7,"s:79:63:79:91":31,"b:85:7:85:Infinity:86:8:92:Infinity":7,"f:91:20:91:26":8,"s:91:26:91:Infinity":32}}}
,"/home/zerocool/kanban/src/components/NewCardInput.tsx": {"path":"/home/zerocool/kanban/src/components/NewCardInput.tsx","statementMap":{"0":{"start":{"line":11,"column":21},"end":{"line":11,"column":null}},"1":{"start":{"line":12,"column":24},"end":{"line":12,"column":null}},"2":{"start":{"line":13,"column":38},"end":{"line":13,"column":null}},"3":{"start":{"line":14,"column":8},"end":{"line":14,"column":null}},"4":{"start":{"line":16,"column":2},"end":{"line":18,"column":null}},"5":{"start":{"line":17,"column":4},"end":{"line":17,"column":null}},"6":{"start":{"line":20,"column":23},"end":{"line":36,"column":null}},"7":{"start":{"line":21,"column":4},"end":{"line":21,"column":null}},"8":{"start":{"line":21,"column":39},"end":{"line":21,"column":null}},"9":{"start":{"line":23,"column":4},"end":{"line":23,"column":null}},"10":{"start":{"line":24,"column":4},"end":{"line":35,"column":null}},"11":{"start":{"line":25,"column":6},"end":{"line":28,"column":null}},"12":{"start":{"line":29,"column":6},"end":{"line":29,"column":null}},"13":{"start":{"line":30,"column":6},"end":{"line":30,"column":null}},"14":{"start":{"line":32,"column":6},"end":{"line":32,"column":null}},"15":{"start":{"line":34,"column":6},"end":{"line":34,"column":null}},"16":{"start":{"line":38,"column":24},"end":{"line":45,"column":null}},"17":{"start":{"line":39,"column":4},"end":{"line":44,"column":null}},"18":{"start":{"line":40,"column":6},"end":{"line":40,"column":null}},"19":{"start":{"line":41,"column":6},"end":{"line":41,"column":null}},"20":{"start":{"line":42,"column":4},"end":{"line":44,"column":null}},"21":{"start":{"line":43,"column":6},"end":{"line":43,"column":null}},"22":{"start":{"line":47,"column":2},"end":{"line":73,"column":null}},"23":{"start":{"line":53,"column":25},"end":{"line":53,"column":null}}},"fnMap":{"0":{"name":"NewCardInput","decl":{"start":{"line":10,"column":16},"end":{"line":10,"column":29}},"loc":{"start":{"line":10,"column":83},"end":{"line":75,"column":null}},"line":10},"1":{"name":"(anonymous_1)","decl":{"start":{"line":16,"column":12},"end":{"line":16,"column":18}},"loc":{"start":{"line":16,"column":18},"end":{"line":18,"column":5}},"line":16},"2":{"name":"(anonymous_2)","decl":{"start":{"line":20,"column":23},"end":{"line":20,"column":35}},"loc":{"start":{"line":20,"column":35},"end":{"line":36,"column":null}},"line":20},"3":{"name":"(anonymous_3)","decl":{"start":{"line":38,"column":24},"end":{"line":38,"column":25}},"loc":{"start":{"line":38,"column":52},"end":{"line":45,"column":null}},"line":38},"4":{"name":"(anonymous_4)","decl":{"start":{"line":53,"column":18},"end":{"line":53,"column":19}},"loc":{"start":{"line":53,"column":25},"end":{"line":53,"column":null}},"line":53}},"branchMap":{"0":{"loc":{"start":{"line":21,"column":4},"end":{"line":21,"column":null}},"type":"if","locations":[{"start":{"line":21,"column":4},"end":{"line":21,"column":null}},{"start":{},"end":{}}],"line":21},"1":{"loc":{"start":{"line":21,"column":8},"end":{"line":21,"column":39}},"type":"binary-expr","locations":[{"start":{"line":21,"column":8},"end":{"line":21,"column":25}},{"start":{"line":21,"column":25},"end":{"line":21,"column":39}}],"line":21},"2":{"loc":{"start":{"line":39,"column":4},"end":{"line":44,"column":null}},"type":"if","locations":[{"start":{"line":39,"column":4},"end":{"line":44,"column":null}},{"start":{"line":42,"column":4},"end":{"line":44,"column":null}}],"line":39},"3":{"loc":{"start":{"line":39,"column":8},"end":{"line":39,"column":42}},"type":"binary-expr","locations":[{"start":{"line":39,"column":8},"end":{"line":39,"column":29}},{"start":{"line":39,"column":29},"end":{"line":39,"column":42}}],"line":39},"4":{"loc":{"start":{"line":42,"column":4},"end":{"line":44,"column":null}},"type":"if","locations":[{"start":{"line":42,"column":4},"end":{"line":44,"column":null}},{"start":{},"end":{}}],"line":42},"5":{"loc":{"start":{"line":62,"column":20},"end":{"line":62,"column":null}},"type":"binary-expr","locations":[{"start":{"line":62,"column":20},"end":{"line":62,"column":37}},{"start":{"line":62,"column":37},"end":{"line":62,"column":null}}],"line":62}},"s":{"0":0,"1":0,"2":0,"3":0,"4":0,"5":0,"6":0,"7":0,"8":0,"9":0,"10":0,"11":0,"12":0,"13":0,"14":0,"15":0,"16":0,"17":0,"18":0,"19":0,"20":0,"21":0,"22":0,"23":0},"f":{"0":0,"1":0,"2":0,"3":0,"4":0},"b":{"0":[0,0],"1":[0,0],"2":[0,0],"3":[0,0],"4":[0,0],"5":[0,0]},"meta":{"lastBranch":6,"lastFunction":5,"lastStatement":24,"seen":{"f:10:16:10:29":0,"s:11:21:11:Infinity":0,"s:12:24:12:Infinity":1,"s:13:38:13:Infinity":2,"s:14:8:14:Infinity":3,"s:16:2:18:Infinity":4,"f:16:12:16:18":1,"s:17:4:17:Infinity":5,"s:20:23:36:Infinity":6,"f:20:23:20:35":2,"b:21:4:21:Infinity:undefined:undefined:undefined:undefined":0,"s:21:4:21:Infinity":7,"b:21:8:21:25:21:25:21:39":1,"s:21:39:21:Infinity":8,"s:23:4:23:Infinity":9,"s:24:4:35:Infinity":10,"s:25:6:28:Infinity":11,"s:29:6:29:Infinity":12,"s:30:6:30:Infinity":13,"s:32:6:32:Infinity":14,"s:34:6:34:Infinity":15,"s:38:24:45:Infinity":16,"f:38:24:38:25":3,"b:39:4:44:Infinity:42:4:44:Infinity":2,"s:39:4:44:Infinity":17,"b:39:8:39:29:39:29:39:42":3,"s:40:6:40:Infinity":18,"s:41:6:41:Infinity":19,"b:42:4:44:Infinity:undefined:undefined:undefined:undefined":4,"s:42:4:44:Infinity":20,"s:43:6:43:Infinity":21,"s:47:2:73:Infinity":22,"f:53:18:53:19":4,"s:53:25:53:Infinity":23,"b:62:20:62:37:62:37:62:Infinity":5}}}
,"/home/zerocool/kanban/src/components/Sidebar.tsx": {"path":"/home/zerocool/kanban/src/components/Sidebar.tsx","statementMap":{"0":{"start":{"line":5,"column":61},"end":{"line":5,"column":null}},"1":{"start":{"line":6,"column":34},"end":{"line":6,"column":null}},"2":{"start":{"line":7,"column":38},"end":{"line":7,"column":null}},"3":{"start":{"line":9,"column":23},"end":{"line":13,"column":null}},"4":{"start":{"line":10,"column":4},"end":{"line":10,"column":null}},"5":{"start":{"line":10,"column":25},"end":{"line":10,"column":null}},"6":{"start":{"line":11,"column":4},"end":{"line":11,"column":null}},"7":{"start":{"line":11,"column":25},"end":{"line":11,"column":null}},"8":{"start":{"line":12,"column":4},"end":{"line":12,"column":null}},"9":{"start":{"line":15,"column":28},"end":{"line":26,"column":null}},"10":{"start":{"line":16,"column":4},"end":{"line":16,"column":null}},"11":{"start":{"line":16,"column":30},"end":{"line":16,"column":null}},"12":{"start":{"line":18,"column":4},"end":{"line":25,"column":null}},"13":{"start":{"line":19,"column":20},"end":{"line":19,"column":null}},"14":{"start":{"line":20,"column":6},"end":{"line":20,"column":null}},"15":{"start":{"line":21,"column":6},"end":{"line":21,"column":null}},"16":{"start":{"line":22,"column":6},"end":{"line":22,"column":null}},"17":{"start":{"line":24,"column":6},"end":{"line":24,"column":null}},"18":{"start":{"line":28,"column":24},"end":{"line":35,"column":null}},"19":{"start":{"line":29,"column":4},"end":{"line":34,"column":null}},"20":{"start":{"line":30,"column":6},"end":{"line":30,"column":null}},"21":{"start":{"line":31,"column":4},"end":{"line":34,"column":null}},"22":{"start":{"line":32,"column":6},"end":{"line":32,"column":null}},"23":{"start":{"line":33,"column":6},"end":{"line":33,"column":null}},"24":{"start":{"line":37,"column":2},"end":{"line":104,"column":null}},"25":{"start":{"line":52,"column":16},"end":{"line":64,"column":null}},"26":{"start":{"line":55,"column":33},"end":{"line":55,"column":null}},"27":{"start":{"line":73,"column":35},"end":{"line":73,"column":null}},"28":{"start":{"line":76,"column":20},"end":{"line":78,"column":null}},"29":{"start":{"line":77,"column":22},"end":{"line":77,"column":null}},"30":{"start":{"line":93,"column":63},"end":{"line":93,"column":null}}},"fnMap":{"0":{"name":"Sidebar","decl":{"start":{"line":4,"column":16},"end":{"line":4,"column":26}},"loc":{"start":{"line":4,"column":26},"end":{"line":106,"column":null}},"line":4},"1":{"name":"(anonymous_1)","decl":{"start":{"line":9,"column":50},"end":{"line":9,"column":51}},"loc":{"start":{"line":9,"column":60},"end":{"line":13,"column":3}},"line":9},"2":{"name":"(anonymous_2)","decl":{"start":{"line":15,"column":28},"end":{"line":15,"column":40}},"loc":{"start":{"line":15,"column":40},"end":{"line":26,"column":null}},"line":15},"3":{"name":"(anonymous_3)","decl":{"start":{"line":28,"column":24},"end":{"line":28,"column":25}},"loc":{"start":{"line":28,"column":52},"end":{"line":35,"column":null}},"line":28},"4":{"name":"(anonymous_4)","decl":{"start":{"line":51,"column":32},"end":{"line":51,"column":33}},"loc":{"start":{"line":52,"column":16},"end":{"line":64,"column":null}},"line":52},"5":{"name":"(anonymous_5)","decl":{"start":{"line":55,"column":27},"end":{"line":55,"column":33}},"loc":{"start":{"line":55,"column":33},"end":{"line":55,"column":null}},"line":55},"6":{"name":"(anonymous_6)","decl":{"start":{"line":73,"column":28},"end":{"line":73,"column":29}},"loc":{"start":{"line":73,"column":35},"end":{"line":73,"column":null}},"line":73},"7":{"name":"(anonymous_7)","decl":{"start":{"line":75,"column":26},"end":{"line":75,"column":32}},"loc":{"start":{"line":75,"column":32},"end":{"line":79,"column":null}},"line":75},"8":{"name":"(anonymous_8)","decl":{"start":{"line":93,"column":57},"end":{"line":93,"column":63}},"loc":{"start":{"line":93,"column":63},"end":{"line":93,"column":null}},"line":93}},"branchMap":{"0":{"loc":{"start":{"line":10,"column":4},"end":{"line":10,"column":null}},"type":"if","locations":[{"start":{"line":10,"column":4},"end":{"line":10,"column":null}},{"start":{},"end":{}}],"line":10},"1":{"loc":{"start":{"line":11,"column":4},"end":{"line":11,"column":null}},"type":"if","locations":[{"start":{"line":11,"column":4},"end":{"line":11,"column":null}},{"start":{},"end":{}}],"line":11},"2":{"loc":{"start":{"line":16,"column":4},"end":{"line":16,"column":null}},"type":"if","locations":[{"start":{"line":16,"column":4},"end":{"line":16,"column":null}},{"start":{},"end":{}}],"line":16},"3":{"loc":{"start":{"line":29,"column":4},"end":{"line":34,"column":null}},"type":"if","locations":[{"start":{"line":29,"column":4},"end":{"line":34,"column":null}},{"start":{"line":31,"column":4},"end":{"line":34,"column":null}}],"line":29},"4":{"loc":{"start":{"line":31,"column":4},"end":{"line":34,"column":null}},"type":"if","locations":[{"start":{"line":31,"column":4},"end":{"line":34,"column":null}},{"start":{},"end":{}}],"line":31},"5":{"loc":{"start":{"line":54,"column":43},"end":{"line":54,"column":85}},"type":"cond-expr","locations":[{"start":{"line":54,"column":72},"end":{"line":54,"column":83}},{"start":{"line":54,"column":83},"end":{"line":54,"column":85}}],"line":54},"6":{"loc":{"start":{"line":68,"column":13},"end":{"line":99,"column":null}},"type":"cond-expr","locations":[{"start":{"line":69,"column":14},"end":{"line":91,"column":null}},{"start":{"line":93,"column":14},"end":{"line":99,"column":null}}],"line":68},"7":{"loc":{"start":{"line":76,"column":20},"end":{"line":78,"column":null}},"type":"if","locations":[{"start":{"line":76,"column":20},"end":{"line":78,"column":null}},{"start":{},"end":{}}],"line":76}},"s":{"0":0,"1":0,"2":0,"3":0,"4":0,"5":0,"6":0,"7":0,"8":0,"9":0,"10":0,"11":0,"12":0,"13":0,"14":0,"15":0,"16":0,"17":0,"18":0,"19":0,"20":0,"21":0,"22":0,"23":0,"24":0,"25":0,"26":0,"27":0,"28":0,"29":0,"30":0},"f":{"0":0,"1":0,"2":0,"3":0,"4":0,"5":0,"6":0,"7":0,"8":0},"b":{"0":[0,0],"1":[0,0],"2":[0,0],"3":[0,0],"4":[0,0],"5":[0,0],"6":[0,0],"7":[0,0]},"meta":{"lastBranch":8,"lastFunction":9,"lastStatement":31,"seen":{"f:4:16:4:26":0,"s:5:61:5:Infinity":0,"s:6:34:6:Infinity":1,"s:7:38:7:Infinity":2,"s:9:23:13:Infinity":3,"f:9:50:9:51":1,"b:10:4:10:Infinity:undefined:undefined:undefined:undefined":0,"s:10:4:10:Infinity":4,"s:10:25:10:Infinity":5,"b:11:4:11:Infinity:undefined:undefined:undefined:undefined":1,"s:11:4:11:Infinity":6,"s:11:25:11:Infinity":7,"s:12:4:12:Infinity":8,"s:15:28:26:Infinity":9,"f:15:28:15:40":2,"b:16:4:16:Infinity:undefined:undefined:undefined:undefined":2,"s:16:4:16:Infinity":10,"s:16:30:16:Infinity":11,"s:18:4:25:Infinity":12,"s:19:20:19:Infinity":13,"s:20:6:20:Infinity":14,"s:21:6:21:Infinity":15,"s:22:6:22:Infinity":16,"s:24:6:24:Infinity":17,"s:28:24:35:Infinity":18,"f:28:24:28:25":3,"b:29:4:34:Infinity:31:4:34:Infinity":3,"s:29:4:34:Infinity":19,"s:30:6:30:Infinity":20,"b:31:4:34:Infinity:undefined:undefined:undefined:undefined":4,"s:31:4:34:Infinity":21,"s:32:6:32:Infinity":22,"s:33:6:33:Infinity":23,"s:37:2:104:Infinity":24,"f:51:32:51:33":4,"s:52:16:64:Infinity":25,"b:54:72:54:83:54:83:54:85":5,"f:55:27:55:33":5,"s:55:33:55:Infinity":26,"b:69:14:91:Infinity:93:14:99:Infinity":6,"f:73:28:73:29":6,"s:73:35:73:Infinity":27,"f:75:26:75:32":7,"b:76:20:78:Infinity:undefined:undefined:undefined:undefined":7,"s:76:20:78:Infinity":28,"s:77:22:77:Infinity":29,"f:93:57:93:63":8,"s:93:63:93:Infinity":30}}}
,"/home/zerocool/kanban/src/components/SortableCard.tsx": {"path":"/home/zerocool/kanban/src/components/SortableCard.tsx","statementMap":{"0":{"start":{"line":20,"column":2},"end":{"line":27,"column":null}},"1":{"start":{"line":29,"column":16},"end":{"line":33,"column":null}},"2":{"start":{"line":35,"column":2},"end":{"line":38,"column":null}}},"fnMap":{"0":{"name":"SortableCard","decl":{"start":{"line":12,"column":16},"end":{"line":12,"column":29}},"loc":{"start":{"line":12,"column":74},"end":{"line":40,"column":null}},"line":12}},"branchMap":{"0":{"loc":{"start":{"line":32,"column":13},"end":{"line":32,"column":null}},"type":"cond-expr","locations":[{"start":{"line":32,"column":26},"end":{"line":32,"column":32}},{"start":{"line":32,"column":32},"end":{"line":32,"column":null}}],"line":32}},"s":{"0":0,"1":0,"2":0},"f":{"0":0},"b":{"0":[0,0]},"meta":{"lastBranch":1,"lastFunction":1,"lastStatement":3,"seen":{"f:12:16:12:29":0,"s:20:2:27:Infinity":0,"s:29:16:33:Infinity":1,"b:32:26:32:32:32:32:32:Infinity":0,"s:35:2:38:Infinity":2}}}
,"/home/zerocool/kanban/src/components/ui/ConfirmDialog.tsx": {"path":"/home/zerocool/kanban/src/components/ui/ConfirmDialog.tsx","statementMap":{"0":{"start":{"line":20,"column":8},"end":{"line":20,"column":null}},"1":{"start":{"line":22,"column":2},"end":{"line":33,"column":null}},"2":{"start":{"line":23,"column":4},"end":{"line":23,"column":null}},"3":{"start":{"line":25,"column":26},"end":{"line":29,"column":null}},"4":{"start":{"line":26,"column":6},"end":{"line":28,"column":null}},"5":{"start":{"line":27,"column":8},"end":{"line":27,"column":null}},"6":{"start":{"line":31,"column":4},"end":{"line":31,"column":null}},"7":{"start":{"line":32,"column":4},"end":{"line":32,"column":null}},"8":{"start":{"line":32,"column":17},"end":{"line":32,"column":null}},"9":{"start":{"line":35,"column":29},"end":{"line":39,"column":null}},"10":{"start":{"line":36,"column":4},"end":{"line":38,"column":null}},"11":{"start":{"line":37,"column":6},"end":{"line":37,"column":null}},"12":{"start":{"line":41,"column":2},"end":{"line":59,"column":null}}},"fnMap":{"0":{"name":"ConfirmDialog","decl":{"start":{"line":12,"column":16},"end":{"line":12,"column":30}},"loc":{"start":{"line":19,"column":23},"end":{"line":61,"column":null}},"line":19},"1":{"name":"(anonymous_1)","decl":{"start":{"line":22,"column":12},"end":{"line":22,"column":18}},"loc":{"start":{"line":22,"column":18},"end":{"line":33,"column":5}},"line":22},"2":{"name":"(anonymous_2)","decl":{"start":{"line":25,"column":26},"end":{"line":25,"column":27}},"loc":{"start":{"line":25,"column":48},"end":{"line":29,"column":null}},"line":25},"3":{"name":"(anonymous_3)","decl":{"start":{"line":32,"column":11},"end":{"line":32,"column":17}},"loc":{"start":{"line":32,"column":17},"end":{"line":32,"column":null}},"line":32},"4":{"name":"(anonymous_4)","decl":{"start":{"line":35,"column":29},"end":{"line":35,"column":30}},"loc":{"start":{"line":35,"column":54},"end":{"line":39,"column":null}},"line":35}},"branchMap":{"0":{"loc":{"start":{"line":15,"column":2},"end":{"line":15,"column":null}},"type":"default-arg","locations":[{"start":{"line":15,"column":17},"end":{"line":15,"column":null}}],"line":15},"1":{"loc":{"start":{"line":16,"column":2},"end":{"line":16,"column":null}},"type":"default-arg","locations":[{"start":{"line":16,"column":16},"end":{"line":16,"column":null}}],"line":16},"2":{"loc":{"start":{"line":26,"column":6},"end":{"line":28,"column":null}},"type":"if","locations":[{"start":{"line":26,"column":6},"end":{"line":28,"column":null}},{"start":{},"end":{}}],"line":26},"3":{"loc":{"start":{"line":36,"column":4},"end":{"line":38,"column":null}},"type":"if","locations":[{"start":{"line":36,"column":4},"end":{"line":38,"column":null}},{"start":{},"end":{}}],"line":36}},"s":{"0":0,"1":0,"2":0,"3":0,"4":0,"5":0,"6":0,"7":0,"8":0,"9":0,"10":0,"11":0,"12":0},"f":{"0":0,"1":0,"2":0,"3":0,"4":0},"b":{"0":[0],"1":[0],"2":[0,0],"3":[0,0]},"meta":{"lastBranch":4,"lastFunction":5,"lastStatement":13,"seen":{"f:12:16:12:30":0,"b:15:17:15:Infinity":0,"b:16:16:16:Infinity":1,"s:20:8:20:Infinity":0,"s:22:2:33:Infinity":1,"f:22:12:22:18":1,"s:23:4:23:Infinity":2,"s:25:26:29:Infinity":3,"f:25:26:25:27":2,"b:26:6:28:Infinity:undefined:undefined:undefined:undefined":2,"s:26:6:28:Infinity":4,"s:27:8:27:Infinity":5,"s
[...]
ne":384},"44":{"name":"(anonymous_44)","decl":{"start":{"line":392,"column":14},"end":{"line":392,"column":21}},"loc":{"start":{"line":392,"column":36},"end":{"line":407,"column":null}},"line":392},"45":{"name":"(anonymous_45)","decl":{"start":{"line":396,"column":8},"end":{"line":396,"column":9}},"loc":{"start":{"line":396,"column":19},"end":{"line":400,"column":5}},"line":396},"46":{"name":"(anonymous_46)","decl":{"start":{"line":409,"column":12},"end":{"line":409,"column":19}},"loc":{"start":{"line":409,"column":83},"end":{"line":456,"column":null}},"line":409},"47":{"name":"(anonymous_47)","decl":{"start":{"line":432,"column":8},"end":{"line":432,"column":9}},"loc":{"start":{"line":432,"column":20},"end":{"line":442,"column":6}},"line":432},"48":{"name":"(anonymous_48)","decl":{"start":{"line":451,"column":10},"end":{"line":451,"column":11}},"loc":{"start":{"line":451,"column":22},"end":{"line":454,"column":8}},"line":451},"49":{"name":"(anonymous_49)","decl":{"start":{"line":459,"column":14},"end":{"line":459,"column":20}},"loc":{"start":{"line":459,"column":20},"end":{"line":459,"column":null}},"line":459}},"branchMap":{"0":{"loc":{"start":{"line":68,"column":11},"end":{"line":68,"column":null}},"type":"cond-expr","locations":[{"start":{"line":68,"column":27},"end":{"line":68,"column":59}},{"start":{"line":68,"column":59},"end":{"line":68,"column":null}}],"line":68},"1":{"loc":{"start":{"line":68,"column":27},"end":{"line":68,"column":59}},"type":"binary-expr","locations":[{"start":{"line":68,"column":27},"end":{"line":68,"column":52}},{"start":{"line":68,"column":52},"end":{"line":68,"column":59}}],"line":68},"2":{"loc":{"start":{"line":73,"column":4},"end":{"line":73,"column":null}},"type":"if","locations":[{"start":{"line":73,"column":4},"end":{"line":73,"column":null}},{"start":{},"end":{}}],"line":73},"3":{"loc":{"start":{"line":114,"column":6},"end":{"line":116,"column":null}},"type":"if","locations":[{"start":{"line":114,"column":6},"end":{"line":116,"column":null}},{"start":{},"end":{}}],"line":114},"4":{"loc":{"start":{"line":165,"column":4},"end":{"line":172,"column":null}},"type":"if","locations":[{"start":{"line":165,"column":4},"end":{"line":172,"column":null}},{"start":{},"end":{}}],"line":165},"5":{"loc":{"start":{"line":165,"column":8},"end":{"line":165,"column":37}},"type":"binary-expr","locations":[{"start":{"line":165,"column":8},"end":{"line":165,"column":25}},{"start":{"line":165,"column":25},"end":{"line":165,"column":37}}],"line":165},"6":{"loc":{"start":{"line":181,"column":6},"end":{"line":185,"column":null}},"type":"if","locations":[{"start":{"line":181,"column":6},"end":{"line":185,"column":null}},{"start":{},"end":{}}],"line":181},"7":{"loc":{"start":{"line":217,"column":23},"end":{"line":217,"column":null}},"type":"cond-expr","locations":[{"start":{"line":217,"column":52},"end":{"line":217,"column":59}},{"start":{"line":217,"column":59},"end":{"line":217,"column":null}}],"line":217},"8":{"loc":{"start":{"line":256,"column":4},"end":{"line":267,"column":null}},"type":"if","locations":[{"start":{"line":256,"column":4},"end":{"line":267,"column":null}},{"start":{},"end":{}}],"line":256},"9":{"loc":{"start":{"line":276,"column":6},"end":{"line":280,"column":null}},"type":"if","locations":[{"start":{"line":276,"column":6},"end":{"line":280,"column":null}},{"start":{},"end":{}}],"line":276},"10":{"loc":{"start":{"line":316,"column":4},"end":{"line":316,"column":null}},"type":"if","locations":[{"start":{"line":316,"column":4},"end":{"line":316,"column":null}},{"start":{},"end":{}}],"line":316},"11":{"loc":{"start":{"line":316,"column":8},"end":{"line":316,"column":58}},"type":"binary-expr","locations":[{"start":{"line":316,"column":8},"end":{"line":316,"column":31}},{"start":{"line":316,"column":31},"end":{"line":316,"column":58}}],"line":316},"12":{"loc":{"start":{"line":318,"column":19},"end":{"line":318,"column":null}},"type":"cond-expr","locations":[{"start":{"line":318,"column":34},"end":{"line":318,"column":65}},{"start":{"line":318,"column":65},"end":{"line":318,"column":null}}],"line":318},"13":{"loc":{"start":{"line":319,"column":18},"end":{"line":319,"column":null}},"type":"cond-expr","locations":[{"start":{"line":319,"column":50},"end":{"line":319,"column":77}},{"start":{"line":319,"column":77},"end":{"line":319,"column":null}}],"line":319},"14":{"loc":{"start":{"line":321,"column":6},"end":{"line":321,"column":null}},"type":"cond-expr","locations":[{"start":{"line":321,"column":32},"end":{"line":321,"column":67}},{"start":{"line":321,"column":67},"end":{"line":321,"column":null}}],"line":321},"15":{"loc":{"start":{"line":321,"column":32},"end":{"line":321,"column":67}},"type":"binary-expr","locations":[{"start":{"line":321,"column":32},"end":{"line":321,"column":60}},{"start":{"line":321,"column":60},"end":{"line":321,"column":67}}],"line":321},"16":{"loc":{"start":{"line":322,"column":6},"end":{"line":322,"column":null}},"type":"cond-expr","locations":[{"start":{"line":322,"column":32},"end":{"line":322,"column":40}},{"start":{"line":322,"column":40},"end":{"line":322,"column":null}}],"line":322},"17":{"loc":{"start":{"line":322,"column":40},"end":{"line":322,"column":null}},"type":"binary-expr","locations":[{"start":{"line":322,"column":40},"end":{"line":322,"column":68}},{"start":{"line":322,"column":68},"end":{"line":322,"column":null}}],"line":322},"18":{"loc":{"start":{"line":363,"column":4},"end":{"line":374,"column":null}},"type":"if","locations":[{"start":{"line":363,"column":4},"end":{"line":374,"column":null}},{"start":{},"end":{}}],"line":363},"19":{"loc":{"start":{"line":383,"column":6},"end":{"line":387,"column":null}},"type":"if","locations":[{"start":{"line":383,"column":6},"end":{"line":387,"column":null}},{"start":{},"end":{}}],"line":383},"20":{"loc":{"start":{"line":411,"column":4},"end":{"line":411,"column":null}},"type":"if","locations":[{"start":{"line":411,"column":4},"end":{"line":411,"column":null}},{"start":{},"end":{}}],"line":411},"21":{"loc":{"start":{"line":417,"column":4},"end":{"line":427,"column":null}},"type":"if","locations":[{"start":{"line":417,"column":4},"end":{"line":427,"column":null}},{"start":{"line":419,"column":4},"end":{"line":427,"column":null}}],"line":417},"22":{"loc":{"start":{"line":419,"column":4},"end":{"line":427,"column":null}},"type":"if","locations":[{"start":{"line":419,"column":4},"end":{"line":427,"column":null}},{"start":{"line":421,"column":4},"end":{"line":427,"column":null}}],"line":419},"23":{"loc":{"start":{"line":421,"column":4},"end":{"line":427,"column":null}},"type":"if","locations":[{"start":{"line":421,"column":4},"end":{"line":427,"column":null}},{"start":{"line":423,"column":11},"end":{"line":427,"column":null}}],"line":421}},"s":{"0":1,"1":1,"2":0,"3":0,"4":2,"5":2,"6":0,"7":2,"8":5,"9":6,"10":6,"11":10,"12":1,"13":1,"14":2,"15":3,"16":3,"17":3,"18":2,"19":1,"20":0,"21":0,"22":0,"23":0,"24":0,"25":0,"26":0,"27":0,"28":0,"29":1,"30":1,"31":1,"32":1,"33":1,"34":1,"35":1,"36":3,"37":3,"38":1,"39":1,"40":1,"41":0,"42":0,"43":0,"44":0,"45":0,"46":0,"47":0,"48":0,"49":0,"50":0,"51":0,"52":0,"53":0,"54":0,"55":2,"56":2,"57":2,"58":2,"59":2,"60":2,"61":2,"62":2,"63":2,"64":2,"65":2,"66":2,"67":4,"68":2,"69":2,"70":2,"71":2,"72":0,"73":0,"74":0,"75":0,"76":0,"77":0,"78":0,"79":0,"80":0,"81":0,"82":0,"83":0,"84":0,"85":0,"86":0,"87":0,"88":0,"89":0,"90":0,"91":0,"92":0,"93":0,"94":0,"95":0,"96":0,"97":0,"98":0,"99":0,"100":0,"101":0,"102":0,"103":0,"104":0,"105":0,"106":0,"107":0,"108":0,"109":0,"110":0,"111":0,"112":0,"113":0,"114":0,"115":0,"116":0,"117":0,"118":0,"119":0,"120":0,"121":1,"122":1,"123":1,"124":1,"125":1,"126":0,"127":0,"128":3,"129":3,"130":3,"131":3,"132":3,"133":3,"134":2,"135":2,"136":1,"137":1,"138":1,"139":1,"140":2,"141":2,"142":2,"143":2,"144":2,"145":2,"146":2,"147":1,"148":3,"149":3,"150":0,"151":3,"152":3,"153":2,"154":1,"155":0,"156":1,"157":0,"158":1,"159":1,"160":1,"161":3,"162":3,"163":3,"164":3,"165":3,"166":1,"167":1,"168":0},"f":{"0":1,"1":0,"2":2,"3":5,"4":6,"5":10,"6":1,"7":2,"8":3,"9":0,"10":0,"11":1,"12":1,"13":0,"14":0,"15":0,"16":0,"17":2,"18":2,"19":2,"20":2,"21":4,"22":2,"23":0,"24":0,"25":0,"26":0,"27":0,"28":0,"29":0,"30":0,"31":0,"32":0,"33":0,"34":0,"35":0,"36":0,"37":0,"38":1,"39":1,"40":3,"41":3,"42":2,"43":1,"44":2,"45":2,"46":3,"47":3,"48":1,"49":0},"b":{"0":[0,0],"1":[0,0],"2":[0,2],"3":[0,0],"4":[0,0],"5":[0,0],"6":[0,0],"7":[1,1],"8":[0,0],"9":[0,0],"10":[0,0],"11":[0,0],"12":[0,0],"13":[0,0],"14":[0,0],"15":[0,0],"16":[0,0],"17":[0,0],"18":[3,0],"19":[1,0],"20":[0,3],"21":[2,1],"22":[0,1],"23":[0,1]},"meta":{"lastBranch":24,"lastFunction":50,"lastStatement":169,"seen":{"s:56:13:460:Infinity":0,"f:56:50:56:51":0,"s:56:65:460:2":1,"f:66:18:66:24":1,"s:67:38:67:Infinity":2,"s:68:4:68:Infinity":3,"b:68:27:68:59:68:59:68:Infinity":0,"b:68:27:68:52:68:52:68:59":1,"f:71:28:71:34":2,"s:72:39:72:Infinity":4,"b:73:4:73:Infinity:undefined:undefined:undefined:undefined":2,"s:73:4:73:Infinity":5,"s:73:24:73:Infinity":6,"s:74:4:76:Infinity":7,"f:75:36:75:37":3,"s:75:45:75:74":8,"f:79:21:79:22":4,"s:80:22:80:Infinity":9,"s:81:4:83:Infinity":10,"f:82:34:82:35":5,"s:82:44:82:70":11,"f:86:18:86:24":6,"s:87:20:87:Infinity":12,"s:88:4:91:Infinity":13,"f:88:23:88:24":7,"s:88:36:91:6":14,"f:95:14:95:26":8,"s:96:4:96:Infinity":15,"s:97:4:102:Infinity":16,"s:98:21:98:Infinity":17,"s:99:6:99:Infinity":18,"s:101:6:101:Infinity":19,"f:105:13:105:20":9,"s:106:4:106:Infinity":20,"s:107:4:129:Infinity":21,"s:108:38:112:Infinity":22,"b:114:6:116:Infinity:undefined:undefined:undefined:undefined":3,"s:114:6:116:Infinity":23,"s:115:8:115:Infinity":24,"s:118:6:118:Infinity":25,"s:120:6:126:Infinity":26,"f:120:10:120:11":10,"s:120:22:126:8":27,"s:128:6:128:Infinity":28,"f:132:15:132:22":11,"s:133:4:133:Infinity":29,"s:134:4:159:Infinity":30,"s:135:20:135:Infinity":31,"s:138:29:138:Infinity":32,"s:139:32:139:Infinity":33,"s:140:6:147:Infinity":34,"s:140:19:140:22":35,"s:141:23:145:Infinity":36,"s:146:8:146:Infinity":37,"s:149:6:153:Infinity":38,"f:149:10:149:11":12,"s:149:22:153:8":39,"s:155:6:155:Infinity":40,"s:157:6:157:Infinity":41,"s:158:6:158:Infinity":42,"f:162:15:162:22":13,"s:164:26:164:Infinity":43,"b:165:4:172:Infinity:undefined:undefined:undefined:undefined":4,"s:165:4:172:Infinity":44,"b:165:8:165:25:165:25:165:37":5,"s:166:6:171:Infinity":45,"f:166:10:166:11":14,"s:166:22:171:8":46,"s:174:4:187:Infinity":47,"s:175:20:175:Infinity":48,"s:176:6:178:Infinity":49,"f:176:10:176:11":15,"s:176:22:178:8":50,"b:181:6:185:Infinity:undefined:undefined:undefined:undefined":6,"s:181:6:185:Infinity":51,"s:182:8:184:Infinity":52,"f:182:12:182:13":16,"s:182:24:184:10":53,"s:186:6:186:Infinity":54,"f:190:15:190:22":17,"s:191:27:191:Infinity":55,"s:192:28:192:Infinity":56,"s:193:26:193:Infinity":57,"s:196:4:219:Infinity":58,"f:196:8:196:9":18,"s:197:24:197:Infinity":59,"s:198:6:198:Infinity":60,"s:200:25:200:Infinity":61,"s:201:23:201:Infinity":62,"s:204:6:211:Infinity":63,"f:205:16:205:17":19,"s:205:25:205:43":64,"f:206:17:206:18":20,"s:207:10:207:Infinity":65,"s:208:10:210:Infinity":66,"f:209:20:209:21":21,"s:209:30:209:54":67,"f:210:21:210:22":22,"s:210:31:210:55":68,"s:213:6:218:Infinity":69,"b:217:52:217:59:217:59:217:Infinity":7,"s:221:4:231:Infinity":70,"s:222:6:222:Infinity":71,"s:225:6:230:Infinity":72,"f:234:18:234:25":23,"s:235:4:235:Infinity":73,"f:239:16:239:23":24,"s:240:4:249:Infinity":74,"s:241:21:241:Infinity":75,"s:242:6:244:Infinity":76,"f:242:10:242:11":25,"s:242:22:244:8":77,"s:245:6:245:Infinity":78,"s:247:6:247:Infinity":79,"s:248:6:248:Infinity":80,"f:252:16:252:23":26,"s:253:27:253:Infinity":81,"b:256:4:267:Infinity:undefined:undefined:undefined:undefined":8,"s:256:4:267:Infinity":82,"s:257:6:266:Infinity":83,"f:257:10:257:11":27,"s:257:22:266:8":84,"s:269:4:282:Infinity":85,"s:270:21:270:Infinity":86,"s:271:6:273:Infinity":87,"f:271:10:271:11":28,"s:271:22:273:8":88,"b:276:6:280:Infinity:undefined:undefined:undefined:undefined":9,"s:276:6:280:Infinity":89,"s:277:8:279:Infinity":90,"f:277:12:277:13":29,"s:277:24:279:10":91,"s:281:6:281:Infinity":92,"f:285:16:285:23":30,"s:286:28:286:Infinity":93,"s:287:26:287:Infinity":94,"s:290:4:300:Infinity":95,"f:290:8:290:9":31,"s:291:25:291:Infinity":96,"s:292:6:292:Infinity":97,"s:294:23:294:Infinity":98,"s:295:6:297:Infinity":99,"f:296:16:296:17":32,"s:296:26:296:46":100,"f:297:17:297:18":33,"s:297:27:297:51":101,"s:299:6:299:Infinity":102,"s:302:4:310:Infinity":103,"s:303:6:303:Infinity":104,"s:305:6:309:Infinity":105,"f:313:14:313:21":34,"s:314:20:314:Infinity":106,"s:315:25:315:Infinity":107,"f:315:43:315:44":35,"s:315:52:315:65":108,"b:316:4:316:Infinity:undefined:undefined:undefined:undefined":10,"s:316:4:316:Infinity":109,"b:316:8:316:31:316:31:316:58":11,"s:316:58:316:Infinity":110,"s:318:19:318:Infinity":111,"b:318:34:318:65:318:65:318:Infinity":12,"s:319:18:319:Infinity":112,"b:319:50:319:77:319:77:319:Infinity":13,"s:320:10:323:Infinity":113,"b:321:32:321:67:321:67:321:Infinity":14,"b:321:32:321:60:321:60:321:67":15,"b:322:32:322:40:322:40:322:Infinity":16,"b:322:40:322:68:322:68:322:Infinity":17,"s:325:27:325:Infinity":114,"s:328:4:333:Infinity":115,"f:328:8:328:9":36,"s:328:20:333:6":116,"s:335:4:342:Infinity":117,"s:336:6:336:Infinity":118,"s:338:6:341:Infinity":119,"f:338:10:338:11":37,"s:338:22:341:8":120,"f:346:14:346:21":38,"s:347:4:356:Infinity":121,"s:348:19:348:Infinity":122,"s:349:6:351:Infinity":123,"f:349:10:349:11":39,"s:349:22:351:8":124,"s:352:6:352:Infinity":125,"s:354:6:354:Infinity":126,"s:355:6:355:Infinity":127,"f:359:14:359:21":40,"s:360:25:360:Infinity":128,"b:363:4:374:Infinity:undefined:undefined:undefined:undefined":18,"s:363:4:374:Infinity":129,"s:364:6:373:Infinity":130,"f:364:10:364:11":41,"s:364:22:373:8":131,"s:376:4:389:Infinity":132,"s:377:19:377:Infinity":133,"s:378:6:380:Infinity":134,"f:378:10:378:11":42,"s:378:22:380:8":135,"b:383:6:387:Infinity:undefined:undefined:undefined:undefined":19,"s:383:6:387:Infinity":136,"s:384:8:386:Infinity":137,"f:384:12:384:13":43,"s:384:24:386:10":138,"s:388:6:388:Infinity":139,"f:392:14:392:21":44,"s:393:26:393:Infinity":140,"s:396:4:400:Infinity":141,"f:396:8:396:9":45,"s:397:23:397:Infinity":142,"s:398:6:398:Infinity":143,"s:399:6:399:Infinity":144,"s:402:4:406:Infinity":145,"s:403:6:403:Infinity":146,"s:405:6:405:Infinity":147,"f:409:12:409:19":46,"s:410:17:410:Infinity":148,"b:411:4:411:Infinity:undefined:undefined:undefined:undefined":20,"s:411:4:411:Infinity":149,"s:411:15:411:Infinity":150,"s:413:24:413:Infinity":151,"b:417:4:427:Infinity:419:4:427:Infinity":21,"s:417:4:427:Infinity":152,"s:418:6:418:Infinity":153,"b:419:4:427:Infinity:421:4:427:Infinity":22,"s:419:4:427:Infinity":154,"s:420:6:420:Infinity":155,"b:421:4:427:Infinity:423:11:427:Infinity":23,"s:421:4:427:Infinity":156,"s:422:6:422:Infinity":157,"s:424:21:424:Infinity":158,"s:425:20:425:Infinity":159,"s:426:6:426:Infinity":160,"s:429:25:429:Infinity":161,"s:432:4:442:Infinity":162,"f:432:8:432:9":47,"s:432:20:442:6":163,"s:444:4:455:Infinity":164,"s:445:6:448:Infinity":165,"s:451:6:454:Infinity":166,"f:451:10:451:11":48,"s:451:22:454:8":167,"f:459:14:459:20":49,"s:459:20:459:Infinity":168}}}
,"/home/zerocool/kanban/src/store/historyStore.ts": {"path":"/home/zerocool/kanban/src/store/historyStore.ts","statementMap":{"0":{"start":{"line":34,"column":13},"end":{"line":76,"column":null}},"1":{"start":{"line":34,"column":67},"end":{"line":76,"column":2}},"2":{"start":{"line":40,"column":4},"end":{"line":43,"column":null}},"3":{"start":{"line":40,"column":20},"end":{"line":43,"column":6}},"4":{"start":{"line":47,"column":29},"end":{"line":47,"column":null}},"5":{"start":{"line":48,"column":4},"end":{"line":48,"column":null}},"6":{"start":{"line":48,"column":27},"end":{"line":48,"column":null}},"7":{"start":{"line":50,"column":19},"end":{"line":50,"column":null}},"8":{"start":{"line":51,"column":4},"end":{"line":54,"column":null}},"9":{"start":{"line":56,"column":4},"end":{"line":56,"column":null}},"10":{"start":{"line":60,"column":29},"end":{"line":60,"column":null}},"11":{"start":{"line":61,"column":4},"end":{"line":61,"column":null}},"12":{"start":{"line":61,"column":29},"end":{"line":61,"column":null}},"13":{"start":{"line":63,"column":19},"end":{"line":63,"column":null}},"14":{"start":{"line":64,"column":4},"end":{"line":67,"column":null}},"15":{"start":{"line":69,"column":4},"end":{"line":69,"column":null}},"16":{"start":{"line":72,"column":17},"end":{"line":72,"column":null}},"17":{"start":{"line":73,"column":17},"end":{"line":73,"column":null}},"18":{"start":{"line":75,"column":15},"end":{"line":75,"column":null}}},"fnMap":{"0":{"name":"(anonymous_0)","decl":{"start":{"line":34,"column":52},"end":{"line":34,"column":53}},"loc":{"start":{"line":34,"column":67},"end":{"line":76,"column":2}},"line":34},"1":{"name":"(anonymous_1)","decl":{"start":{"line":39,"column":8},"end":{"line":39,"column":9}},"loc":{"start":{"line":39,"column":35},"end":{"line":44,"column":null}},"line":39},"2":{"name":"(anonymous_2)","decl":{"start":{"line":40,"column":8},"end":{"line":40,"column":9}},"loc":{"start":{"line":40,"column":20},"end":{"line":43,"column":6}},"line":40},"3":{"name":"(anonymous_3)","decl":{"start":{"line":46,"column":8},"end":{"line":46,"column":14}},"loc":{"start":{"line":46,"column":14},"end":{"line":57,"column":null}},"line":46},"4":{"name":"(anonymous_4)","decl":{"start":{"line":59,"column":8},"end":{"line":59,"column":14}},"loc":{"start":{"line":59,"column":14},"end":{"line":70,"column":null}},"line":59},"5":{"name":"(anonymous_5)","decl":{"start":{"line":72,"column":11},"end":{"line":72,"column":17}},"loc":{"start":{"line":72,"column":17},"end":{"line":72,"column":null}},"line":72},"6":{"name":"(anonymous_6)","decl":{"start":{"line":73,"column":11},"end":{"line":73,"column":17}},"loc":{"start":{"line":73,"column":17},"end":{"line":73,"column":null}},"line":73},"7":{"name":"(anonymous_7)","decl":{"start":{"line":75,"column":9},"end":{"line":75,"column":15}},"loc":{"start":{"line":75,"column":15},"end":{"line":75,"column":null}},"line":75}},"branchMap":{"0":{"loc":{"start":{"line":48,"column":4},"end":{"line":48,"column":null}},"type":"if","locations":[{"start":{"line":48,"column":4},"end":{"line":48,"column":null}},{"start":{},"end":{}}],"line":48},"1":{"loc":{"start":{"line":61,"column":4},"end":{"line":61,"column":null}},"type":"if","locations":[{"start":{"line":61,"column":4},"end":{"line":61,"column":null}},{"start":{},"end":{}}],"line":61}},"s":{"0":1,"1":1,"2":26,"3":26,"4":16,"5":16,"6":1,"7":15,"8":15,"9":15,"10":6,"11":6,"12":1,"13":5,"14":5,"15":5,"16":6,"17":7,"18":1},"f":{"0":1,"1":26,"2":26,"3":16,"4":6,"5":6,"6":7,"7":1},"b":{"0":[1,15],"1":[1,5]},"meta":{"lastBranch":2,"lastFunction":8,"lastStatement":19,"seen":{"s:34:13:76:Infinity":0,"f:34:52:34:53":0,"s:34:67:76:2":1,"f:39:8:39:9":1,"s:40:4:43:Infinity":2,"f:40:8:40:9":2,"s:40:20:43:6":3,"f:46:8:46:14":3,"s:47:29:47:Infinity":4,"b:48:4:48:Infinity:undefined:undefined:undefined:undefined":0,"s:48:4:48:Infinity":5,"s:48:27:48:Infinity":6,"s:50:19:50:Infinity":7,"s:51:4:54:Infinity":8,"s:56:4:56:Infinity":9,"f:59:8:59:14":4,"s:60:29:60:Infinity":10,"b:61:4:61:Infinity:undefined:undefined:undefined:undefined":1,"s:61:4:61:Infinity":11,"s:61:29:61:Infinity":12,"s:63:19:63:Infinity":13,"s:64:4:67:Infinity":14,"s:69:4:69:Infinity":15,"f:72:11:72:17":5,"s:72:17:72:Infinity":16,"f:73:11:73:17":6,"s:73:17:73:Infinity":17,"f:75:9:75:15":7,"s:75:15:75:Infinity":18}}}
,"/home/zerocool/kanban/src/store/index.ts": {"path":"/home/zerocool/kanban/src/store/index.ts","statementMap":{},"fnMap":{},"branchMap":{},"s":{},"f":{},"b":{},"meta":{"lastBranch":0,"lastFunction":0,"lastStatement":0,"seen":{}}}
,"/home/zerocool/kanban/src/types/index.ts": {"path":"/home/zerocool/kanban/src/types/index.ts","statementMap":{},"fnMap":{},"branchMap":{},"s":{},"f":{},"b":{},"meta":{"lastBranch":0,"lastFunction":0,"lastStatement":0,"seen":{}}}
}
